#
# There is insufficient memory for the Java Runtime Environment to continue.
# Native memory allocation (mmap) failed to map 134217728 bytes. Error detail: G1 virtual space
# Possible reasons:
#   The system is out of physical RAM or swap space
#   This process is running with CompressedOops enabled, and the Java Heap may be blocking the growth of the native heap
# Possible solutions:
#   Reduce memory load on the system
#   Increase physical memory or swap space
#   Check if swap backing store is full
#   Decrease Java heap size (-Xmx/-Xms)
#   Decrease number of Java threads
#   Decrease Java thread stack sizes (-Xss)
#   Set larger code cache with -XX:ReservedCodeCacheSize=
#   JVM is running with Unscaled Compressed Oops mode in which the Java heap is
#     placed in the first 4GB address space. The Java Heap base address is the
#     maximum limit for the native heap growth. Please use -XX:HeapBaseMinAddress
#     to set the Java Heap base and to place the Java Heap above 4GB virtual address.
# This output file may be truncated or incomplete.
#
#  Out of Memory Error (os_windows.cpp:3828), pid=17144, tid=4256
#
# JRE version:  (21.0.5) (build )
# Java VM: OpenJDK 64-Bit Server VM (21.0.5+-13047016-b750.29, mixed mode, sharing, tiered, compressed oops, compressed class ptrs, g1 gc, windows-amd64)
# No core dump will be written. Minidumps are not enabled by default on client versions of Windows
#

---------------  S U M M A R Y ------------

Command Line: -Dnet.bytebuddy.agent.attacher.dump= net.bytebuddy.agent.Attacher com.sun.tools.attach.VirtualMachine 27232 C:\Users\HP\.m2\repository\net\bytebuddy\byte-buddy-agent\1.17.7\byte-buddy-agent-1.17.7.jar false 

Host: Intel(R) Core(TM) i5-8250U CPU @ 1.60GHz, 8 cores, 7G,  Windows 11 , 64 bit Build 26100 (10.0.26100.6725)
Time: Wed Oct 22 14:08:22 2025 Hora est. Pacífico, Sudamérica elapsed time: 0.089205 seconds (0d 0h 0m 0s)

---------------  T H R E A D  ---------------

Current thread (0x000001d7867e95a0):  JavaThread "Unknown thread" [_thread_in_vm, id=4256, stack(0x00000095e2200000,0x00000095e2300000) (1024K)]

Stack: [0x00000095e2200000,0x00000095e2300000]
Native frames: (J=compiled Java code, j=interpreted, Vv=VM code, C=native code)
V  [jvm.dll+0x6cfb29]
V  [jvm.dll+0x85df93]
V  [jvm.dll+0x8604ee]
V  [jvm.dll+0x860bd3]
V  [jvm.dll+0x27e6b6]
V  [jvm.dll+0x6cc385]
V  [jvm.dll+0x6c078a]
V  [jvm.dll+0x35525b]
V  [jvm.dll+0x35ceb6]
V  [jvm.dll+0x3aedd6]
V  [jvm.dll+0x3af0a8]
V  [jvm.dll+0x32792c]
V  [jvm.dll+0x32861b]
V  [jvm.dll+0x8259d9]
V  [jvm.dll+0x3bbfa8]
V  [jvm.dll+0x80ec88]
V  [jvm.dll+0x45015e]
V  [jvm.dll+0x4518c1]
C  [jli.dll+0x52ab]
C  [ucrtbase.dll+0x37b0]
C  [KERNEL32.DLL+0x2e8d7]
C  [ntdll.dll+0x8c53c]


---------------  P R O C E S S  ---------------

Threads class SMR info:
_java_thread_list=0x00007ff922990808, length=0, elements={
}

Java Threads: ( => current thread )
Total: 0

Other Threads:
  0x000001d78683d270 WorkerThread "GC Thread#0"                     [id=17744, stack(0x00000095e2300000,0x00000095e2400000) (1024K)]
  0x000001d78684f960 ConcurrentGCThread "G1 Main Marker"            [id=18668, stack(0x00000095e2400000,0x00000095e2500000) (1024K)]
  0x000001d786850c00 WorkerThread "G1 Conc#0"                       [id=16428, stack(0x00000095e2500000,0x00000095e2600000) (1024K)]

[error occurred during error reporting (printing all threads), id 0xc0000005, EXCEPTION_ACCESS_VIOLATION (0xc0000005) at pc=0x00007ff92218a967]
VM state: not at safepoint (not fully initialized)

VM Mutex/Monitor currently owned by a thread:  ([mutex/lock_event])
[0x00007ff9229fd460] Heap_lock - owner thread: 0x000001d7867e95a0

Heap address: 0x0000000081a00000, size: 2022 MB, Compressed Oops mode: 32-bit

CDS archive(s) mapped at: [0x0000000000000000-0x0000000000000000-0x0000000000000000), size 0, SharedBaseAddress: 0x0000000800000000, ArchiveRelocationMode: 1.
Narrow klass base: 0x0000000000000000, Narrow klass shift: 0, Narrow klass range: 0x0

GC Precious Log:
 CardTable entry size: 512
 Card Set container configuration: InlinePtr #cards 5 size 8 Array Of Cards #cards 12 size 40 Howl #buckets 4 coarsen threshold 1843 Howl Bitmap #cards 512 size 80 coarsen threshold 460 Card regions per heap region 1 cards per card region 2048

Heap:
 garbage-first heap   total 0K, used 0K [0x0000000081a00000, 0x0000000100000000)
  region size 1024K, 0 young (0K), 0 survivors (0K)
 Metaspace       used 0K, committed 0K, reserved 0K
  class space    used 0K, committed 0K, reserved 0K

Heap Regions: E=young(eden), S=young(survivor), O=old, HS=humongous(starts), HC=humongous(continues), CS=collection set, F=free, TAMS=top-at-mark-start, PB=parsable bottom

Card table byte_map: [0x000001d799890000,0x000001d799c90000] _byte_map_base: 0x000001d799483000

Marking Bits: (CMBitMap*) 0x000001d78683e580
 Bits: [0x000001d799c90000, 0x000001d79bc28000)

GC Heap History (0 events):
No events

Dll operation events (1 events):
Event: 0.018 Loaded shared library C:\Program Files\Android\Android Studio\jbr\bin\java.dll

Deoptimization events (0 events):
No events

Classes loaded (0 events):
No events

Classes unloaded (0 events):
No events

Classes redefined (0 events):
No events

Internal exceptions (0 events):
No events

ZGC Phase Switch (0 events):
No events

VM Operations (0 events):
No events

Memory protections (0 events):
No events

Nmethod flushes (0 events):
No events

Events (0 events):
No events


Dynamic libraries:
0x00007ff77aaa0000 - 0x00007ff77aaaa000 	C:\Program Files\Android\Android Studio\jbr\bin\java.exe
0x00007ff985180000 - 0x00007ff9853e8000 	C:\WINDOWS\SYSTEM32\ntdll.dll
0x00007ff983d20000 - 0x00007ff983de9000 	C:\WINDOWS\System32\KERNEL32.DLL
0x00007ff982b50000 - 0x00007ff982f42000 	C:\WINDOWS\System32\KERNELBASE.dll
0x00007ff9825d0000 - 0x00007ff98271b000 	C:\WINDOWS\System32\ucrtbase.dll
0x00007ff978880000 - 0x00007ff978898000 	C:\Program Files\Android\Android Studio\jbr\bin\jli.dll
0x00007ff978ac0000 - 0x00007ff978adb000 	C:\Program Files\Android\Android Studio\jbr\bin\VCRUNTIME140.dll
0x00007ff983500000 - 0x00007ff9836c5000 	C:\WINDOWS\System32\USER32.dll
0x00007ff9681e0000 - 0x00007ff968473000 	C:\WINDOWS\WinSxS\amd64_microsoft.windows.common-controls_6595b64144ccf1df_6.0.26100.6899_none_3e0efeeae32e88c1\COMCTL32.dll
0x00007ff982720000 - 0x00007ff982747000 	C:\WINDOWS\System32\win32u.dll
0x00007ff9842f0000 - 0x00007ff984399000 	C:\WINDOWS\System32\msvcrt.dll
0x00007ff984940000 - 0x00007ff98496b000 	C:\WINDOWS\System32\GDI32.dll
0x00007ff9828d0000 - 0x00007ff9829fd000 	C:\WINDOWS\System32\gdi32full.dll
0x00007ff982aa0000 - 0x00007ff982b43000 	C:\WINDOWS\System32\msvcp_win.dll
0x00007ff983af0000 - 0x00007ff983b1f000 	C:\WINDOWS\System32\IMM32.DLL
0x00007ff978ab0000 - 0x00007ff978abc000 	C:\Program Files\Android\Android Studio\jbr\bin\vcruntime140_1.dll
0x00007ff9472c0000 - 0x00007ff94734d000 	C:\Program Files\Android\Android Studio\jbr\bin\msvcp140.dll
0x00007ff921e50000 - 0x00007ff922ada000 	C:\Program Files\Android\Android Studio\jbr\bin\server\jvm.dll
0x00007ff984880000 - 0x00007ff984934000 	C:\WINDOWS\System32\ADVAPI32.dll
0x00007ff983230000 - 0x00007ff9832d6000 	C:\WINDOWS\System32\sechost.dll
0x00007ff983340000 - 0x00007ff983458000 	C:\WINDOWS\System32\RPCRT4.dll
0x00007ff9850c0000 - 0x00007ff985134000 	C:\WINDOWS\System32\WS2_32.dll
0x00007ff982190000 - 0x00007ff9821ee000 	C:\WINDOWS\SYSTEM32\POWRPROF.dll
0x00007ff976730000 - 0x00007ff97673b000 	C:\WINDOWS\SYSTEM32\VERSION.dll
0x00007ff968480000 - 0x00007ff9684b5000 	C:\WINDOWS\SYSTEM32\WINMM.dll
0x00007ff982170000 - 0x00007ff982184000 	C:\WINDOWS\SYSTEM32\UMPDC.dll
0x00007ff9810a0000 - 0x00007ff9810bb000 	C:\WINDOWS\SYSTEM32\kernel.appcore.dll
0x00007ff976930000 - 0x00007ff97693a000 	C:\Program Files\Android\Android Studio\jbr\bin\jimage.dll
0x00007ff97cbb0000 - 0x00007ff97cdf2000 	C:\WINDOWS\SYSTEM32\DBGHELP.DLL
0x00007ff983ee0000 - 0x00007ff98425b000 	C:\WINDOWS\System32\combase.dll
0x00007ff983150000 - 0x00007ff983227000 	C:\WINDOWS\System32\OLEAUT32.dll
0x00007ff966b20000 - 0x00007ff966b5c000 	C:\WINDOWS\SYSTEM32\dbgcore.DLL
0x00007ff982a00000 - 0x00007ff982a98000 	C:\WINDOWS\System32\bcryptPrimitives.dll
0x00007ff976910000 - 0x00007ff976930000 	C:\Program Files\Android\Android Studio\jbr\bin\java.dll

dbghelp: loaded successfully - version: 4.0.5 - missing functions: none
symbol engine: initialized successfully - sym options: 0x614 - pdb path: .;C:\Program Files\Android\Android Studio\jbr\bin;C:\WINDOWS\SYSTEM32;C:\WINDOWS\WinSxS\amd64_microsoft.windows.common-controls_6595b64144ccf1df_6.0.26100.6899_none_3e0efeeae32e88c1;C:\Program Files\Android\Android Studio\jbr\bin\server

VM Arguments:
jvm_args: -Dnet.bytebuddy.agent.attacher.dump= 
java_command: net.bytebuddy.agent.Attacher com.sun.tools.attach.VirtualMachine 27232 C:\Users\HP\.m2\repository\net\bytebuddy\byte-buddy-agent\1.17.7\byte-buddy-agent-1.17.7.jar false 
java_class_path (initial): C:\Users\HP\.m2\repository\net\bytebuddy\byte-buddy-agent\1.17.7\byte-buddy-agent-1.17.7.jar
Launcher Type: SUN_STANDARD

[Global flags]
     intx CICompilerCount                          = 4                                         {product} {ergonomic}
     uint ConcGCThreads                            = 2                                         {product} {ergonomic}
     uint G1ConcRefinementThreads                  = 8                                         {product} {ergonomic}
   size_t G1HeapRegionSize                         = 1048576                                   {product} {ergonomic}
    uintx GCDrainStackTargetSize                   = 64                                        {product} {ergonomic}
   size_t InitialHeapSize                          = 134217728                                 {product} {ergonomic}
   size_t MarkStackSize                            = 4194304                                   {product} {ergonomic}
   size_t MaxHeapSize                              = 2120220672                                {product} {ergonomic}
   size_t MinHeapDeltaBytes                        = 1048576                                   {product} {ergonomic}
   size_t MinHeapSize                              = 8388608                                   {product} {ergonomic}
    uintx NonNMethodCodeHeapSize                   = 5839372                                {pd product} {ergonomic}
    uintx NonProfiledCodeHeapSize                  = 122909434                              {pd product} {ergonomic}
    uintx ProfiledCodeHeapSize                     = 122909434                              {pd product} {ergonomic}
    uintx ReservedCodeCacheSize                    = 251658240                              {pd product} {ergonomic}
     bool SegmentedCodeCache                       = true                                      {product} {ergonomic}
   size_t SoftMaxHeapSize                          = 2120220672                             {manageable} {ergonomic}
     bool UseCompressedOops                        = true                           {product lp64_product} {ergonomic}
     bool UseG1GC                                  = true                                      {product} {ergonomic}
     bool UseLargePagesIndividualAllocation        = false                                  {pd product} {ergonomic}

Logging:
Log output configuration:
 #0: stdout all=warning uptime,level,tags foldmultilines=false
 #1: stderr all=off uptime,level,tags foldmultilines=false

Environment Variables:
JAVA_HOME=C:\Program Files\Android\Android Studio\jbr
PATH=c:\Users\HP\AppData\Local\Programs\cursor\resources\app\bin;C:\Program Files (x86)\Google\Chrome\Application;C:\WINDOWS\system32;C:\WINDOWS;C:\WINDOWS\System32\Wbem;C:\WINDOWS\System32\WindowsPowerShell\v1.0\;C:\WINDOWS\System32\OpenSSH\;C:\Program Files\Git\cmd;C:\Program Files\Android\Android Studio\jbr\bin;E:\Programs\apache-maven-3.9.6\bin;E:\Programs\apache-maven-3.9.6\bin;E:\Programs\flutter\bin;C:\Users\HP\AppData\Local\Android\Sdk\platform-tools;C:\Users\HP\AppData\Local\Android\Sdk\emulator;C:\Users\HP\AppData\Local\Microsoft\WindowsApps;;C:\Program Files\JetBrains\IntelliJ IDEA 2025.1\bin;;c:\Users\HP\AppData\Local\Programs\cursor\resources\app\bin;C:\Program Files\Docker\Docker\resources\bin;C:\Users\HP\AppData\Local\Microsoft\WindowsApps;;C:\Users\HP\AppData\Local\Programs\Microsoft VS Code\bin;C:\Program Files\JetBrains\IntelliJ IDEA 2025.1\bin;
USERNAME=HP
OS=Windows_NT
PROCESSOR_IDENTIFIER=Intel64 Family 6 Model 142 Stepping 10, GenuineIntel
TMP=C:\Users\HP\AppData\Local\Temp
TEMP=C:\Users\HP\AppData\Local\Temp




Periodic native trim disabled

JNI global refs:
JNI global refs: 0, weak refs: 0

JNI global refs memory usage: 0, weak refs: 0

Process memory usage:
Resident Set Size: 12660K (0% of 8277208K total physical memory with 510460K free physical memory)

OOME stack traces (most recent first):
Classloader memory used:

---------------  S Y S T E M  ---------------

OS:
 Windows 11 , 64 bit Build 26100 (10.0.26100.6725)
OS uptime: 1 days 15:58 hours
Hyper-V role detected

CPU: total 8 (initial active 8) (4 cores per cpu, 2 threads per core) family 6 model 142 stepping 10 microcode 0xf0, cx8, cmov, fxsr, ht, mmx, 3dnowpref, sse, sse2, sse3, ssse3, sse4.1, sse4.2, popcnt, lzcnt, tsc, tscinvbit, avx, avx2, aes, erms, clmul, bmi1, bmi2, adx, fma, vzeroupper, clflush, clflushopt, hv, rdtscp, f16c
Processor Information for all 8 processors :
  Max Mhz: 1800, Current Mhz: 1600, Mhz Limit: 1584

Memory: 4k page, system-wide physical 8083M (498M free)
TotalPageFile size 19155M (AvailPageFile size 94M)
current process WorkingSet (physical memory assigned to process): 12M, peak: 12M
current process commit charge ("private bytes"): 60M, peak: 188M

vm_info: OpenJDK 64-Bit Server VM (21.0.5+-13047016-b750.29) for windows-amd64 JRE (21.0.5+-13047016-b750.29), built on 2025-02-11T21:12:39Z by "builder" with MS VC++ 16.10 / 16.11 (VS2019)

END.
