#
# There is insufficient memory for the Java Runtime Environment to continue.
# Native memory allocation (malloc) failed to allocate 1690416 bytes. Error detail: Chunk::new
# Possible reasons:
#   The system is out of physical RAM or swap space
#   This process is running with CompressedOops enabled, and the Java Heap may be blocking the growth of the native heap
# Possible solutions:
#   Reduce memory load on the system
#   Increase physical memory or swap space
#   Check if swap backing store is full
#   Decrease Java heap size (-Xmx/-Xms)
#   Decrease number of Java threads
#   Decrease Java thread stack sizes (-Xss)
#   Set larger code cache with -XX:ReservedCodeCacheSize=
#   JVM is running with Unscaled Compressed Oops mode in which the Java heap is
#     placed in the first 4GB address space. The Java Heap base address is the
#     maximum limit for the native heap growth. Please use -XX:HeapBaseMinAddress
#     to set the Java Heap base and to place the Java Heap above 4GB virtual address.
# This output file may be truncated or incomplete.
#
#  Out of Memory Error (arena.cpp:168), pid=11832, tid=12912
#
# JRE version: OpenJDK Runtime Environment (21.0.5) (build 21.0.5+-13047016-b750.29)
# Java VM: OpenJDK 64-Bit Server VM (21.0.5+-13047016-b750.29, mixed mode, tiered, compressed oops, compressed class ptrs, g1 gc, windows-amd64)
# No core dump will be written. Minidumps are not enabled by default on client versions of Windows
#

---------------  S U M M A R Y ------------

Command Line: -javaagent:C:\Users\HP\AppData\Local\JetBrains\IntelliJIdea2025.1\captureAgent\debugger-agent.jar=file:///C:/Users/HP/AppData/Local/Temp/capture9310462490674975064.props -ea -Didea.test.cyclic.buffer.size=1048576 -javaagent:C:\Program Files\JetBrains\IntelliJ IDEA 2025.1\lib\idea_rt.jar=53498 -Dkotlinx.coroutines.debug.enable.creation.stack.trace=false -Ddebugger.agent.enable.coroutines=true -Dkotlinx.coroutines.debug.enable.flows.stack.trace=true -Dkotlinx.coroutines.debug.enable.mutable.state.flows.stack.trace=true -Dfile.encoding=UTF-8 -Dsun.stdout.encoding=UTF-8 -Dsun.stderr.encoding=UTF-8 com.intellij.rt.junit.JUnitStarter -ideVersion5 -junit5 @w@C:\Users\HP\AppData\Local\Temp\idea_working_dirs_junit.tmp @C:\Users\HP\AppData\Local\Temp\idea_junit.tmp -socket53497

Host: Intel(R) Core(TM) i5-8250U CPU @ 1.60GHz, 8 cores, 7G,  Windows 11 , 64 bit Build 26100 (10.0.26100.6725)
Time: Tue Oct 21 20:57:44 2025 Hora est. Pacífico, Sudamérica elapsed time: 24.160111 seconds (0d 0h 0m 24s)

---------------  T H R E A D  ---------------

Current thread (0x00000149bbe44990):  JavaThread "C2 CompilerThread1" daemon [_thread_in_native, id=12912, stack(0x00000039e9000000,0x00000039e9100000) (1024K)]


Current CompileTask:
C2:24160 7826   !   4       org.springframework.util.ReflectionUtils::doWithMethods (189 bytes)

Stack: [0x00000039e9000000,0x00000039e9100000]
Native frames: (J=compiled Java code, j=interpreted, Vv=VM code, C=native code)
V  [jvm.dll+0x6cfb29]
V  [jvm.dll+0x85df93]
V  [jvm.dll+0x8604ee]
V  [jvm.dll+0x860bd3]
V  [jvm.dll+0x27e6b6]
V  [jvm.dll+0xbff6d]
V  [jvm.dll+0xc04a3]
V  [jvm.dll+0x3b5fc1]
V  [jvm.dll+0x381f97]
V  [jvm.dll+0x38140a]
V  [jvm.dll+0x247c62]
V  [jvm.dll+0x247231]
V  [jvm.dll+0x1c5ee4]
V  [jvm.dll+0x25697c]
V  [jvm.dll+0x254ec6]
V  [jvm.dll+0x3f0ce6]
V  [jvm.dll+0x806368]
V  [jvm.dll+0x6ce3fd]
C  [ucrtbase.dll+0x37b0]
C  [KERNEL32.DLL+0x2e8d7]
C  [ntdll.dll+0x8c53c]


---------------  P R O C E S S  ---------------

Threads class SMR info:
_java_thread_list=0x00000149bcda3820, length=20, elements={
0x0000014997d59930, 0x00000149b40af0b0, 0x00000149b408b9c0, 0x00000149b4096120,
0x00000149b4099e90, 0x00000149b40bd5e0, 0x00000149b40bdc40, 0x00000149b40c00a0,
0x00000149b40ccbb0, 0x00000149b4320d00, 0x00000149b443e1b0, 0x00000149b4662ee0,
0x00000149b4663540, 0x00000149b559fcb0, 0x00000149b55a0340, 0x00000149b55a09d0,
0x00000149b559e270, 0x00000149bb7747e0, 0x00000149b552cc20, 0x00000149bbe44990
}

Java Threads: ( => current thread )
  0x0000014997d59930 JavaThread "main"                              [_thread_in_Java, id=7224, stack(0x00000039e6c00000,0x00000039e6d00000) (1024K)]
  0x00000149b40af0b0 JavaThread "Reference Handler"          daemon [_thread_blocked, id=2588, stack(0x00000039e7400000,0x00000039e7500000) (1024K)]
  0x00000149b408b9c0 JavaThread "Finalizer"                  daemon [_thread_blocked, id=13652, stack(0x00000039e7500000,0x00000039e7600000) (1024K)]
  0x00000149b4096120 JavaThread "Signal Dispatcher"          daemon [_thread_blocked, id=10860, stack(0x00000039e7600000,0x00000039e7700000) (1024K)]
  0x00000149b4099e90 JavaThread "Attach Listener"            daemon [_thread_blocked, id=8964, stack(0x00000039e7700000,0x00000039e7800000) (1024K)]
  0x00000149b40bd5e0 JavaThread "Service Thread"             daemon [_thread_blocked, id=15236, stack(0x00000039e7800000,0x00000039e7900000) (1024K)]
  0x00000149b40bdc40 JavaThread "Monitor Deflation Thread"   daemon [_thread_blocked, id=20976, stack(0x00000039e7900000,0x00000039e7a00000) (1024K)]
  0x00000149b40c00a0 JavaThread "C2 CompilerThread0"         daemon [_thread_in_native, id=20552, stack(0x00000039e7a00000,0x00000039e7b00000) (1024K)]
  0x00000149b40ccbb0 JavaThread "C1 CompilerThread0"         daemon [_thread_blocked, id=17604, stack(0x00000039e7b00000,0x00000039e7c00000) (1024K)]
  0x00000149b4320d00 JavaThread "Common-Cleaner"             daemon [_thread_blocked, id=10140, stack(0x00000039e7c00000,0x00000039e7d00000) (1024K)]
  0x00000149b443e1b0 JavaThread "IntelliJ Suspend Helper"    daemon [_thread_blocked, id=500, stack(0x00000039e7d00000,0x00000039e7e00000) (1024K)]
  0x00000149b4662ee0 JavaThread "Monitor Ctrl-Break"         daemon [_thread_in_native, id=11420, stack(0x00000039e7e00000,0x00000039e7f00000) (1024K)]
  0x00000149b4663540 JavaThread "Notification Thread"        daemon [_thread_blocked, id=11568, stack(0x00000039e7f00000,0x00000039e8000000) (1024K)]
  0x00000149b559fcb0 JavaThread "RMI TCP Accept-0"           daemon [_thread_in_native, id=21496, stack(0x00000039e8900000,0x00000039e8a00000) (1024K)]
  0x00000149b55a0340 JavaThread "RMI TCP Connection(1)-192.168.1.7" daemon [_thread_in_native, id=21328, stack(0x00000039e8a00000,0x00000039e8b00000) (1024K)]
  0x00000149b55a09d0 JavaThread "RMI Scheduler(0)"           daemon [_thread_blocked, id=16220, stack(0x00000039e8b00000,0x00000039e8c00000) (1024K)]
  0x00000149b559e270 JavaThread "JMX server connection timeout 34" daemon [_thread_blocked, id=16872, stack(0x00000039e8c00000,0x00000039e8d00000) (1024K)]
  0x00000149bb7747e0 JavaThread "mysql-cj-abandoned-connection-cleanup" daemon [_thread_blocked, id=5776, stack(0x00000039e8800000,0x00000039e8900000) (1024K)]
  0x00000149b552cc20 JavaThread "HikariPool-1:housekeeper"   daemon [_thread_blocked, id=12228, stack(0x00000039e8000000,0x00000039e8100000) (1024K)]
=>0x00000149bbe44990 JavaThread "C2 CompilerThread1"         daemon [_thread_in_native, id=12912, stack(0x00000039e9000000,0x00000039e9100000) (1024K)]
Total: 20

Other Threads:
  0x00000149b403aa40 VMThread "VM Thread"                           [id=18980, stack(0x00000039e7300000,0x00000039e7400000) (1024K)]
  0x00000149afb5ff00 WatcherThread "VM Periodic Task Thread"        [id=12888, stack(0x00000039e7200000,0x00000039e7300000) (1024K)]
  0x0000014997db2c90 WorkerThread "GC Thread#0"                     [id=15220, stack(0x00000039e6d00000,0x00000039e6e00000) (1024K)]
  0x00000149b47a2d40 WorkerThread "GC Thread#1"                     [id=21144, stack(0x00000039e8100000,0x00000039e8200000) (1024K)]
  0x00000149b47a30e0 WorkerThread "GC Thread#2"                     [id=13300, stack(0x00000039e8200000,0x00000039e8300000) (1024K)]
  0x00000149b47a3480 WorkerThread "GC Thread#3"                     [id=9180, stack(0x00000039e8300000,0x00000039e8400000) (1024K)]
  0x00000149b47a3820 WorkerThread "GC Thread#4"                     [id=4540, stack(0x00000039e8400000,0x00000039e8500000) (1024K)]
  0x00000149b47a3bc0 WorkerThread "GC Thread#5"                     [id=5976, stack(0x00000039e8500000,0x00000039e8600000) (1024K)]
  0x00000149b47a2600 WorkerThread "GC Thread#6"                     [id=15028, stack(0x00000039e8600000,0x00000039e8700000) (1024K)]
  0x00000149b564f470 WorkerThread "GC Thread#7"                     [id=16192, stack(0x00000039e8700000,0x00000039e8800000) (1024K)]
  0x0000014997dc3740 ConcurrentGCThread "G1 Main Marker"            [id=19308, stack(0x00000039e6e00000,0x00000039e6f00000) (1024K)]
  0x0000014997dc4f90 WorkerThread "G1 Conc#0"                       [id=15232, stack(0x00000039e6f00000,0x00000039e7000000) (1024K)]
  0x00000149b6615900 WorkerThread "G1 Conc#1"                       [id=13644, stack(0x00000039e8d00000,0x00000039e8e00000) (1024K)]
  0x00000149afa231f0 ConcurrentGCThread "G1 Refine#0"               [id=5676, stack(0x00000039e7000000,0x00000039e7100000) (1024K)]
  0x00000149afa23a10 ConcurrentGCThread "G1 Service"                [id=12120, stack(0x00000039e7100000,0x00000039e7200000) (1024K)]
Total: 15

Threads with active compile tasks:
C2 CompilerThread0  24208 7873       4       java.lang.Class::getMethodsRecursive (99 bytes)
C2 CompilerThread1  24208 7826   !   4       org.springframework.util.ReflectionUtils::doWithMethods (189 bytes)
Total: 2

VM state: not at safepoint (normal execution)

VM Mutex/Monitor currently owned by a thread: None

Heap address: 0x0000000081a00000, size: 2022 MB, Compressed Oops mode: 32-bit

CDS archive(s) not mapped
Compressed class space mapped at: 0x0000000100000000-0x0000000140000000, reserved size: 1073741824
Narrow klass base: 0x0000000000000000, Narrow klass shift: 3, Narrow klass range: 0x140000000

GC Precious Log:
 CardTable entry size: 512
 Card Set container configuration: InlinePtr #cards 5 size 8 Array Of Cards #cards 12 size 40 Howl #buckets 4 coarsen threshold 1843 Howl Bitmap #cards 512 size 80 coarsen threshold 460 Card regions per heap region 1 cards per card region 2048
 CPUs: 8 total, 8 available
 Memory: 8083M
 Large Page Support: Disabled
 NUMA Support: Disabled
 Compressed Oops: Enabled (32-bit)
 Heap Region Size: 1M
 Heap Min Capacity: 8M
 Heap Initial Capacity: 128M
 Heap Max Capacity: 2022M
 Pre-touch: Disabled
 Parallel Workers: 8
 Concurrent Workers: 2
 Concurrent Refinement Workers: 8
 Periodic GC: Disabled

Heap:
 garbage-first heap   total 104448K, used 61952K [0x0000000081a00000, 0x0000000100000000)
  region size 1024K, 22 young (22528K), 5 survivors (5120K)
 Metaspace       used 92514K, committed 93248K, reserved 1179648K
  class space    used 12345K, committed 12672K, reserved 1048576K

Heap Regions: E=young(eden), S=young(survivor), O=old, HS=humongous(starts), HC=humongous(continues), CS=collection set, F=free, TAMS=top-at-mark-start, PB=parsable bottom
|   0|0x0000000081a00000, 0x0000000081b00000, 0x0000000081b00000|100%|HS|  |TAMS 0x0000000081a00000| PB 0x0000000081a00000| Complete 
|   1|0x0000000081b00000, 0x0000000081c00000, 0x0000000081c00000|100%| O|  |TAMS 0x0000000081b00000| PB 0x0000000081b00000| Untracked 
|   2|0x0000000081c00000, 0x0000000081d00000, 0x0000000081d00000|100%|HS|  |TAMS 0x0000000081c00000| PB 0x0000000081c00000| Complete 
|   3|0x0000000081d00000, 0x0000000081e00000, 0x0000000081e00000|100%| O|  |TAMS 0x0000000081d00000| PB 0x0000000081d00000| Untracked 
|   4|0x0000000081e00000, 0x0000000081f00000, 0x0000000081f00000|100%| O|  |TAMS 0x0000000081e00000| PB 0x0000000081e00000| Untracked 
|   5|0x0000000081f00000, 0x0000000082000000, 0x0000000082000000|100%| O|  |TAMS 0x0000000081f00000| PB 0x0000000081f00000| Untracked 
|   6|0x0000000082000000, 0x0000000082100000, 0x0000000082100000|100%| O|  |TAMS 0x0000000082000000| PB 0x0000000082000000| Untracked 
|   7|0x0000000082100000, 0x0000000082200000, 0x0000000082200000|100%| O|  |TAMS 0x0000000082100000| PB 0x0000000082100000| Untracked 
|   8|0x0000000082200000, 0x0000000082300000, 0x0000000082300000|100%| O|  |TAMS 0x0000000082200000| PB 0x0000000082200000| Untracked 
|   9|0x0000000082300000, 0x0000000082400000, 0x0000000082400000|100%| O|  |TAMS 0x0000000082300000| PB 0x0000000082300000| Untracked 
|  10|0x0000000082400000, 0x0000000082500000, 0x0000000082500000|100%| O|  |TAMS 0x0000000082400000| PB 0x0000000082400000| Untracked 
|  11|0x0000000082500000, 0x0000000082600000, 0x0000000082600000|100%| O|  |TAMS 0x0000000082500000| PB 0x0000000082500000| Untracked 
|  12|0x0000000082600000, 0x0000000082700000, 0x0000000082700000|100%| O|  |TAMS 0x0000000082600000| PB 0x0000000082600000| Untracked 
|  13|0x0000000082700000, 0x0000000082800000, 0x0000000082800000|100%| O|  |TAMS 0x0000000082700000| PB 0x0000000082700000| Untracked 
|  14|0x0000000082800000, 0x0000000082900000, 0x0000000082900000|100%| O|  |TAMS 0x0000000082800000| PB 0x0000000082800000| Untracked 
|  15|0x0000000082900000, 0x0000000082a00000, 0x0000000082a00000|100%| O|  |TAMS 0x0000000082900000| PB 0x0000000082900000| Untracked 
|  16|0x0000000082a00000, 0x0000000082b00000, 0x0000000082b00000|100%| O|  |TAMS 0x0000000082a00000| PB 0x0000000082a00000| Untracked 
|  17|0x0000000082b00000, 0x0000000082c00000, 0x0000000082c00000|100%| O|  |TAMS 0x0000000082b00000| PB 0x0000000082b00000| Untracked 
|  18|0x0000000082c00000, 0x0000000082d00000, 0x0000000082d00000|100%| O|  |TAMS 0x0000000082c00000| PB 0x0000000082c00000| Untracked 
|  19|0x0000000082d00000, 0x0000000082e00000, 0x0000000082e00000|100%| O|  |TAMS 0x0000000082d00000| PB 0x0000000082d00000| Untracked 
|  20|0x0000000082e00000, 0x0000000082f00000, 0x0000000082f00000|100%| O|  |TAMS 0x0000000082e00000| PB 0x0000000082e00000| Untracked 
|  21|0x0000000082f00000, 0x0000000083000000, 0x0000000083000000|100%| O|  |TAMS 0x0000000082f00000| PB 0x0000000082f00000| Untracked 
|  22|0x0000000083000000, 0x0000000083100000, 0x0000000083100000|100%| O|  |TAMS 0x0000000083000000| PB 0x0000000083000000| Untracked 
|  23|0x0000000083100000, 0x0000000083200000, 0x0000000083200000|100%| O|  |TAMS 0x0000000083100000| PB 0x0000000083100000| Untracked 
|  24|0x0000000083200000, 0x0000000083300000, 0x0000000083300000|100%| O|  |TAMS 0x0000000083200000| PB 0x0000000083200000| Untracked 
|  25|0x0000000083300000, 0x0000000083400000, 0x0000000083400000|100%| O|Cm|TAMS 0x0000000083300000| PB 0x0000000083300000| Complete 
|  26|0x0000000083400000, 0x0000000083500000, 0x0000000083500000|100%| O|  |TAMS 0x0000000083400000| PB 0x0000000083400000| Untracked 
|  27|0x0000000083500000, 0x0000000083600000, 0x0000000083600000|100%| O|  |TAMS 0x0000000083500000| PB 0x0000000083500000| Untracked 
|  28|0x0000000083600000, 0x0000000083700000, 0x0000000083700000|100%| O|  |TAMS 0x0000000083600000| PB 0x0000000083600000| Untracked 
|  29|0x0000000083700000, 0x0000000083800000, 0x0000000083800000|100%| O|  |TAMS 0x0000000083700000| PB 0x0000000083700000| Untracked 
|  30|0x0000000083800000, 0x0000000083900000, 0x0000000083900000|100%| O|  |TAMS 0x0000000083800000| PB 0x0000000083800000| Untracked 
|  31|0x0000000083900000, 0x0000000083a00000, 0x0000000083a00000|100%| O|  |TAMS 0x0000000083900000| PB 0x0000000083900000| Untracked 
|  32|0x0000000083a00000, 0x0000000083b00000, 0x0000000083b00000|100%| O|  |TAMS 0x0000000083a00000| PB 0x0000000083a00000| Untracked 
|  33|0x0000000083b00000, 0x0000000083c00000, 0x0000000083c00000|100%| O|  |TAMS 0x0000000083b00000| PB 0x0000000083b00000| Untracked 
|  34|0x0000000083c00000, 0x0000000083d00000, 0x0000000083d00000|100%| O|  |TAMS 0x0000000083c00000| PB 0x0000000083c00000| Untracked 
|  35|0x0000000083d00000, 0x0000000083e00000, 0x0000000083e00000|100%| O|  |TAMS 0x0000000083d00000| PB 0x0000000083d00000| Untracked 
|  36|0x0000000083e00000, 0x0000000083e00000, 0x0000000083f00000|  0%| F|  |TAMS 0x0000000083e00000| PB 0x0000000083e00000| Untracked 
|  37|0x0000000083f00000, 0x0000000083f00000, 0x0000000084000000|  0%| F|  |TAMS 0x0000000083f00000| PB 0x0000000083f00000| Untracked 
|  38|0x0000000084000000, 0x0000000084000000, 0x0000000084100000|  0%| F|  |TAMS 0x0000000084000000| PB 0x0000000084000000| Untracked 
|  39|0x0000000084100000, 0x0000000084100000, 0x0000000084200000|  0%| F|  |TAMS 0x0000000084100000| PB 0x0000000084100000| Untracked 
|  40|0x0000000084200000, 0x0000000084200000, 0x0000000084300000|  0%| F|  |TAMS 0x0000000084200000| PB 0x0000000084200000| Untracked 
|  41|0x0000000084300000, 0x0000000084380000, 0x0000000084400000| 50%| S|CS|TAMS 0x0000000084300000| PB 0x0000000084300000| Complete 
|  42|0x0000000084400000, 0x0000000084500000, 0x0000000084500000|100%| S|CS|TAMS 0x0000000084400000| PB 0x0000000084400000| Complete 
|  43|0x0000000084500000, 0x0000000084500000, 0x0000000084600000|  0%| F|  |TAMS 0x0000000084500000| PB 0x0000000084500000| Untracked 
|  44|0x0000000084600000, 0x0000000084600000, 0x0000000084700000|  0%| F|  |TAMS 0x0000000084600000| PB 0x0000000084600000| Untracked 
|  45|0x0000000084700000, 0x0000000084700000, 0x0000000084800000|  0%| F|  |TAMS 0x0000000084700000| PB 0x0000000084700000| Untracked 
|  46|0x0000000084800000, 0x0000000084800000, 0x0000000084900000|  0%| F|  |TAMS 0x0000000084800000| PB 0x0000000084800000| Untracked 
|  47|0x0000000084900000, 0x0000000084a00000, 0x0000000084a00000|100%| S|CS|TAMS 0x0000000084900000| PB 0x0000000084900000| Complete 
|  48|0x0000000084a00000, 0x0000000084a00000, 0x0000000084b00000|  0%| F|  |TAMS 0x0000000084a00000| PB 0x0000000084a00000| Untracked 
|  49|0x0000000084b00000, 0x0000000084b00000, 0x0000000084c00000|  0%| F|  |TAMS 0x0000000084b00000| PB 0x0000000084b00000| Untracked 
|  50|0x0000000084c00000, 0x0000000084c00000, 0x0000000084d00000|  0%| F|  |TAMS 0x0000000084c00000| PB 0x0000000084c00000| Untracked 
|  51|0x0000000084d00000, 0x0000000084e00000, 0x0000000084e00000|100%| S|CS|TAMS 0x0000000084d00000| PB 0x0000000084d00000| Complete 
|  52|0x0000000084e00000, 0x0000000084f00000, 0x0000000084f00000|100%| S|CS|TAMS 0x0000000084e00000| PB 0x0000000084e00000| Complete 
|  53|0x0000000084f00000, 0x0000000084f00000, 0x0000000085000000|  0%| F|  |TAMS 0x0000000084f00000| PB 0x0000000084f00000| Untracked 
|  54|0x0000000085000000, 0x0000000085000000, 0x0000000085100000|  0%| F|  |TAMS 0x0000000085000000| PB 0x0000000085000000| Untracked 
|  55|0x0000000085100000, 0x0000000085100000, 0x0000000085200000|  0%| F|  |TAMS 0x0000000085100000| PB 0x0000000085100000| Untracked 
|  56|0x0000000085200000, 0x0000000085200000, 0x0000000085300000|  0%| F|  |TAMS 0x0000000085200000| PB 0x0000000085200000| Untracked 
|  57|0x0000000085300000, 0x0000000085300000, 0x0000000085400000|  0%| F|  |TAMS 0x0000000085300000| PB 0x0000000085300000| Untracked 
|  58|0x0000000085400000, 0x0000000085400000, 0x0000000085500000|  0%| F|  |TAMS 0x0000000085400000| PB 0x0000000085400000| Untracked 
|  59|0x0000000085500000, 0x0000000085500000, 0x0000000085600000|  0%| F|  |TAMS 0x0000000085500000| PB 0x0000000085500000| Untracked 
|  60|0x0000000085600000, 0x0000000085600000, 0x0000000085700000|  0%| F|  |TAMS 0x0000000085600000| PB 0x0000000085600000| Untracked 
|  61|0x0000000085700000, 0x0000000085700000, 0x0000000085800000|  0%| F|  |TAMS 0x0000000085700000| PB 0x0000000085700000| Untracked 
|  62|0x0000000085800000, 0x0000000085800000, 0x0000000085900000|  0%| F|  |TAMS 0x0000000085800000| PB 0x0000000085800000| Untracked 
|  63|0x0000000085900000, 0x0000000085900000, 0x0000000085a00000|  0%| F|  |TAMS 0x0000000085900000| PB 0x0000000085900000| Untracked 
|  64|0x0000000085a00000, 0x0000000085a00000, 0x0000000085b00000|  0%| F|  |TAMS 0x0000000085a00000| PB 0x0000000085a00000| Untracked 
|  65|0x0000000085b00000, 0x0000000085b00000, 0x0000000085c00000|  0%| F|  |TAMS 0x0000000085b00000| PB 0x0000000085b00000| Untracked 
|  66|0x0000000085c00000, 0x0000000085c00000, 0x0000000085d00000|  0%| F|  |TAMS 0x0000000085c00000| PB 0x0000000085c00000| Untracked 
|  67|0x0000000085d00000, 0x0000000085d00000, 0x0000000085e00000|  0%| F|  |TAMS 0x0000000085d00000| PB 0x0000000085d00000| Untracked 
|  68|0x0000000085e00000, 0x0000000085e00000, 0x0000000085f00000|  0%| F|  |TAMS 0x0000000085e00000| PB 0x0000000085e00000| Untracked 
|  69|0x0000000085f00000, 0x0000000085f00000, 0x0000000086000000|  0%| F|  |TAMS 0x0000000085f00000| PB 0x0000000085f00000| Untracked 
|  70|0x0000000086000000, 0x0000000086000000, 0x0000000086100000|  0%| F|  |TAMS 0x0000000086000000| PB 0x0000000086000000| Untracked 
|  71|0x0000000086100000, 0x0000000086100000, 0x0000000086200000|  0%| F|  |TAMS 0x0000000086100000| PB 0x0000000086100000| Untracked 
|  72|0x0000000086200000, 0x0000000086200000, 0x0000000086300000|  0%| F|  |TAMS 0x0000000086200000| PB 0x0000000086200000| Untracked 
|  73|0x0000000086300000, 0x0000000086300000, 0x0000000086400000|  0%| F|  |TAMS 0x0000000086300000| PB 0x0000000086300000| Untracked 
|  74|0x0000000086400000, 0x0000000086400000, 0x0000000086500000|  0%| F|  |TAMS 0x0000000086400000| PB 0x0000000086400000| Untracked 
|  75|0x0000000086500000, 0x0000000086500000, 0x0000000086600000|  0%| F|  |TAMS 0x0000000086500000| PB 0x0000000086500000| Untracked 
|  76|0x0000000086600000, 0x0000000086600000, 0x0000000086700000|  0%| F|  |TAMS 0x0000000086600000| PB 0x0000000086600000| Untracked 
|  77|0x0000000086700000, 0x0000000086700000, 0x0000000086800000|  0%| F|  |TAMS 0x0000000086700000| PB 0x0000000086700000| Untracked 
|  78|0x0000000086800000, 0x0000000086800000, 0x0000000086900000|  0%| F|  |TAMS 0x0000000086800000| PB 0x0000000086800000| Untracked 
|  79|0x0000000086900000, 0x0000000086900000, 0x0000000086a00000|  0%| F|  |TAMS 0x0000000086900000| PB 0x0000000086900000| Untracked 
|  80|0x0000000086a00000, 0x0000000086a00000, 0x0000000086b00000|  0%| F|  |TAMS 0x0000000086a00000| PB 0x0000000086a00000| Untracked 
|  81|0x0000000086b00000, 0x0000000086b80000, 0x0000000086c00000| 50%| E|  |TAMS 0x0000000086b00000| PB 0x0000000086b00000| Complete 
|  82|0x0000000086c00000, 0x0000000086d00000, 0x0000000086d00000|100%| E|CS|TAMS 0x0000000086c00000| PB 0x0000000086c00000| Complete 
|  83|0x0000000086d00000, 0x0000000086e00000, 0x0000000086e00000|100%| E|CS|TAMS 0x0000000086d00000| PB 0x0000000086d00000| Complete 
|  84|0x0000000086e00000, 0x0000000086f00000, 0x0000000086f00000|100%| E|CS|TAMS 0x0000000086e00000| PB 0x0000000086e00000| Complete 
|  85|0x0000000086f00000, 0x0000000087000000, 0x0000000087000000|100%| E|CS|TAMS 0x0000000086f00000| PB 0x0000000086f00000| Complete 
|  86|0x0000000087000000, 0x0000000087100000, 0x0000000087100000|100%| E|CS|TAMS 0x0000000087000000| PB 0x0000000087000000| Complete 
|  87|0x0000000087100000, 0x0000000087200000, 0x0000000087200000|100%| E|CS|TAMS 0x0000000087100000| PB 0x0000000087100000| Complete 
|  88|0x0000000087200000, 0x0000000087300000, 0x0000000087300000|100%| E|CS|TAMS 0x0000000087200000| PB 0x0000000087200000| Complete 
|  89|0x0000000087300000, 0x0000000087400000, 0x0000000087400000|100%| E|CS|TAMS 0x0000000087300000| PB 0x0000000087300000| Complete 
| 103|0x0000000088100000, 0x0000000088200000, 0x0000000088200000|100%| E|CS|TAMS 0x0000000088100000| PB 0x0000000088100000| Complete 
| 104|0x0000000088200000, 0x0000000088300000, 0x0000000088300000|100%| E|CS|TAMS 0x0000000088200000| PB 0x0000000088200000| Complete 
| 105|0x0000000088300000, 0x0000000088400000, 0x0000000088400000|100%| E|CS|TAMS 0x0000000088300000| PB 0x0000000088300000| Complete 
| 126|0x0000000089800000, 0x0000000089900000, 0x0000000089900000|100%| E|CS|TAMS 0x0000000089800000| PB 0x0000000089800000| Complete 
| 127|0x0000000089900000, 0x0000000089a00000, 0x0000000089a00000|100%| E|CS|TAMS 0x0000000089900000| PB 0x0000000089900000| Complete 
|2015|0x00000000ff900000, 0x00000000ffa00000, 0x00000000ffa00000|100%| O|  |TAMS 0x00000000ff900000| PB 0x00000000ff900000| Untracked 
|2016|0x00000000ffa00000, 0x00000000ffb00000, 0x00000000ffb00000|100%| O|Cm|TAMS 0x00000000ffa00000| PB 0x00000000ffa00000| Complete 
|2017|0x00000000ffb00000, 0x00000000ffc00000, 0x00000000ffc00000|100%| O|  |TAMS 0x00000000ffb00000| PB 0x00000000ffb00000| Untracked 
|2018|0x00000000ffc00000, 0x00000000ffd00000, 0x00000000ffd00000|100%| E|CS|TAMS 0x00000000ffc00000| PB 0x00000000ffc00000| Complete 
|2019|0x00000000ffd00000, 0x00000000ffe00000, 0x00000000ffe00000|100%| E|CS|TAMS 0x00000000ffd00000| PB 0x00000000ffd00000| Complete 
|2020|0x00000000ffe00000, 0x00000000fff00000, 0x00000000fff00000|100%| E|CS|TAMS 0x00000000ffe00000| PB 0x00000000ffe00000| Complete 
|2021|0x00000000fff00000, 0x0000000100000000, 0x0000000100000000|100%| O|  |TAMS 0x00000000fff00000| PB 0x00000000fff00000| Untracked 

Card table byte_map: [0x00000149aad00000,0x00000149ab100000] _byte_map_base: 0x00000149aa8f3000

Marking Bits: (CMBitMap*) 0x0000014997db31a0
 Bits: [0x00000149ab100000, 0x00000149ad098000)

Polling page: 0x0000014996520000

Metaspace:

Usage:
  Non-class:     78.31 MB used.
      Class:     12.06 MB used.
       Both:     90.37 MB used.

Virtual space:
  Non-class space:      128.00 MB reserved,      78.75 MB ( 62%) committed,  2 nodes.
      Class space:        1.00 GB reserved,      12.44 MB (  1%) committed,  1 nodes.
             Both:        1.12 GB reserved,      91.19 MB (  8%) committed. 

Chunk freelists:
   Non-Class:  624.00 KB
       Class:  3.55 MB
        Both:  4.16 MB

MaxMetaspaceSize: unlimited
CompressedClassSpaceSize: 1.00 GB
Initial GC threshold: 21.00 MB
Current GC threshold: 149.31 MB
CDS: off
 - commit_granule_bytes: 65536.
 - commit_granule_words: 8192.
 - virtual_space_node_default_size: 8388608.
 - enlarge_chunks_in_place: 1.
 - use_allocation_guard: 0.


Internal statistics:

num_allocs_failed_limit: 9.
num_arena_births: 1106.
num_arena_deaths: 4.
num_vsnodes_births: 3.
num_vsnodes_deaths: 0.
num_space_committed: 1459.
num_space_uncommitted: 0.
num_chunks_returned_to_freelist: 15.
num_chunks_taken_from_freelist: 4124.
num_chunk_merges: 6.
num_chunk_splits: 2936.
num_chunks_enlarged: 2236.
num_inconsistent_stats: 0.

CodeHeap 'non-profiled nmethods': size=120000Kb used=4366Kb max_used=4626Kb free=115634Kb
 bounds [0x00000149a2a60000, 0x00000149a2ef0000, 0x00000149a9f90000]
CodeHeap 'profiled nmethods': size=120000Kb used=13278Kb max_used=14307Kb free=106721Kb
 bounds [0x000001499af90000, 0x000001499bd90000, 0x00000149a24c0000]
CodeHeap 'non-nmethods': size=5760Kb used=2097Kb max_used=2144Kb free=3662Kb
 bounds [0x00000149a24c0000, 0x00000149a2730000, 0x00000149a2a60000]
 total_blobs=7854 nmethods=7013 adapters=744
 compilation: enabled
              stopped_count=0, restarted_count=0
 full_count=0

Compilation events (20 events):
Event: 24.124 Thread 0x00000149b40ccbb0 7905       2       org.springframework.data.repository.core.support.RepositoryComposition$RepositoryFragments::lambda$findMethod$3 (9 bytes)
Event: 24.125 Thread 0x00000149b40ccbb0 nmethod 7905 0x000001499b0a4210 code [0x000001499b0a43c0, 0x000001499b0a44d0]
Event: 24.125 Thread 0x00000149b40ccbb0 7906       2       org.springframework.data.repository.core.support.MethodLookups$$Lambda/0x0000000100c5c778::test (6 bytes)
Event: 24.125 Thread 0x00000149b40ccbb0 nmethod 7906 0x000001499b0e1510 code [0x000001499b0e16c0, 0x000001499b0e17e8]
Event: 24.125 Thread 0x00000149b40ccbb0 7907       2       org.springframework.data.repository.core.support.MethodLookups::lambda$direct$0 (45 bytes)
Event: 24.128 Thread 0x00000149b40ccbb0 nmethod 7907 0x000001499b0d5190 code [0x000001499b0d5380, 0x000001499b0d5610]
Event: 24.128 Thread 0x00000149b40ccbb0 7909       2       org.springframework.data.repository.core.support.MethodLookup$InvokedMethod::getName (8 bytes)
Event: 24.128 Thread 0x00000149b40ccbb0 nmethod 7909 0x000001499b0f7e90 code [0x000001499b0f8020, 0x000001499b0f8130]
Event: 24.128 Thread 0x00000149b40ccbb0 7908       1       java.util.Collections$2::estimateSize (5 bytes)
Event: 24.129 Thread 0x00000149b40ccbb0 nmethod 7908 0x00000149a2c09390 code [0x00000149a2c09520, 0x00000149a2c095e8]
Event: 24.129 Thread 0x00000149b40ccbb0 7910       2       java.util.Collections$2::characteristics (33 bytes)
Event: 24.129 Thread 0x00000149b40ccbb0 nmethod 7910 0x000001499b13a090 code [0x000001499b13a220, 0x000001499b13a348]
Event: 24.129 Thread 0x00000149b40ccbb0 7911   !   3       java.util.concurrent.ConcurrentHashMap::computeIfAbsent (576 bytes)
Event: 24.139 Thread 0x00000149b40ccbb0 nmethod 7911 0x000001499b80bd90 code [0x000001499b80c1e0, 0x000001499b80e3e8]
Event: 24.139 Thread 0x00000149b40ccbb0 7912       2       java.util.concurrent.ConcurrentHashMap$ReservationNode::<init> (9 bytes)
Event: 24.139 Thread 0x00000149b40ccbb0 nmethod 7912 0x000001499b1d0610 code [0x000001499b1d07c0, 0x000001499b1d0958]
Event: 24.140 Thread 0x00000149b40ccbb0 7913       2       java.util.Spliterators::spliteratorUnknownSize (16 bytes)
Event: 24.141 Thread 0x00000149b40ccbb0 nmethod 7913 0x000001499b629610 code [0x000001499b6297c0, 0x000001499b629ab0]
Event: 24.153 Thread 0x00000149b40ccbb0 7914       2       org.springframework.data.util.Streamable::stream (11 bytes)
Event: 24.154 Thread 0x00000149b40ccbb0 nmethod 7914 0x000001499b1ddc10 code [0x000001499b1dddc0, 0x000001499b1ddf18]

GC Heap History (20 events):
Event: 9.619 GC heap before
{Heap before GC invocations=8 (full 0):
 garbage-first heap   total 61440K, used 47877K [0x0000000081a00000, 0x0000000100000000)
  region size 1024K, 30 young (30720K), 2 survivors (2048K)
 Metaspace       used 40410K, committed 40896K, reserved 1114112K
  class space    used 5312K, committed 5568K, reserved 1048576K
}
Event: 9.634 GC heap after
{Heap after GC invocations=9 (full 0):
 garbage-first heap   total 74752K, used 21686K [0x0000000081a00000, 0x0000000100000000)
  region size 1024K, 4 young (4096K), 4 survivors (4096K)
 Metaspace       used 40410K, committed 40896K, reserved 1114112K
  class space    used 5312K, committed 5568K, reserved 1048576K
}
Event: 10.349 GC heap before
{Heap before GC invocations=9 (full 0):
 garbage-first heap   total 74752K, used 60598K [0x0000000081a00000, 0x0000000100000000)
  region size 1024K, 43 young (44032K), 4 survivors (4096K)
 Metaspace       used 47569K, committed 48128K, reserved 1114112K
  class space    used 6281K, committed 6528K, reserved 1048576K
}
Event: 10.359 GC heap after
{Heap after GC invocations=10 (full 0):
 garbage-first heap   total 74752K, used 23764K [0x0000000081a00000, 0x0000000100000000)
  region size 1024K, 5 young (5120K), 5 survivors (5120K)
 Metaspace       used 47569K, committed 48128K, reserved 1114112K
  class space    used 6281K, committed 6528K, reserved 1048576K
}
Event: 10.929 GC heap before
{Heap before GC invocations=10 (full 0):
 garbage-first heap   total 74752K, used 61652K [0x0000000081a00000, 0x0000000100000000)
  region size 1024K, 43 young (44032K), 5 survivors (5120K)
 Metaspace       used 53152K, committed 53760K, reserved 1114112K
  class space    used 6932K, committed 7232K, reserved 1048576K
}
Event: 10.942 GC heap after
{Heap after GC invocations=11 (full 0):
 garbage-first heap   total 74752K, used 26756K [0x0000000081a00000, 0x0000000100000000)
  region size 1024K, 6 young (6144K), 6 survivors (6144K)
 Metaspace       used 53152K, committed 53760K, reserved 1114112K
  class space    used 6932K, committed 7232K, reserved 1048576K
}
Event: 11.436 GC heap before
{Heap before GC invocations=11 (full 0):
 garbage-first heap   total 74752K, used 68740K [0x0000000081a00000, 0x0000000100000000)
  region size 1024K, 41 young (41984K), 6 survivors (6144K)
 Metaspace       used 56628K, committed 57152K, reserved 1114112K
  class space    used 7318K, committed 7552K, reserved 1048576K
}
Event: 11.452 GC heap after
{Heap after GC invocations=12 (full 0):
 garbage-first heap   total 81920K, used 36572K [0x0000000081a00000, 0x0000000100000000)
  region size 1024K, 6 young (6144K), 6 survivors (6144K)
 Metaspace       used 56628K, committed 57152K, reserved 1114112K
  class space    used 7318K, committed 7552K, reserved 1048576K
}
Event: 12.116 GC heap before
{Heap before GC invocations=12 (full 0):
 garbage-first heap   total 81920K, used 74460K [0x0000000081a00000, 0x0000000100000000)
  region size 1024K, 38 young (38912K), 6 survivors (6144K)
 Metaspace       used 58457K, committed 59008K, reserved 1114112K
  class space    used 7575K, committed 7808K, reserved 1048576K
}
Event: 12.144 GC heap after
{Heap after GC invocations=13 (full 0):
 garbage-first heap   total 104448K, used 37831K [0x0000000081a00000, 0x0000000100000000)
  region size 1024K, 5 young (5120K), 5 survivors (5120K)
 Metaspace       used 58457K, committed 59008K, reserved 1114112K
  class space    used 7575K, committed 7808K, reserved 1048576K
}
Event: 12.639 GC heap before
{Heap before GC invocations=13 (full 0):
 garbage-first heap   total 104448K, used 48071K [0x0000000081a00000, 0x0000000100000000)
  region size 1024K, 17 young (17408K), 5 survivors (5120K)
 Metaspace       used 59607K, committed 60096K, reserved 1114112K
  class space    used 7727K, committed 7936K, reserved 1048576K
}
Event: 12.673 GC heap after
{Heap after GC invocations=14 (full 0):
 garbage-first heap   total 104448K, used 39526K [0x0000000081a00000, 0x0000000100000000)
  region size 1024K, 2 young (2048K), 2 survivors (2048K)
 Metaspace       used 59607K, committed 60096K, reserved 1114112K
  class space    used 7727K, committed 7936K, reserved 1048576K
}
Event: 14.933 GC heap before
{Heap before GC invocations=15 (full 0):
 garbage-first heap   total 104448K, used 84582K [0x0000000081a00000, 0x0000000100000000)
  region size 1024K, 49 young (50176K), 2 survivors (2048K)
 Metaspace       used 65051K, committed 65664K, reserved 1114112K
  class space    used 8554K, committed 8832K, reserved 1048576K
}
Event: 14.952 GC heap after
{Heap after GC invocations=16 (full 0):
 garbage-first heap   total 104448K, used 39680K [0x0000000081a00000, 0x0000000100000000)
  region size 1024K, 4 young (4096K), 4 survivors (4096K)
 Metaspace       used 65051K, committed 65664K, reserved 1114112K
  class space    used 8554K, committed 8832K, reserved 1048576K
}
Event: 17.349 GC heap before
{Heap before GC invocations=16 (full 0):
 garbage-first heap   total 104448K, used 88832K [0x0000000081a00000, 0x0000000100000000)
  region size 1024K, 52 young (53248K), 4 survivors (4096K)
 Metaspace       used 72858K, committed 73536K, reserved 1114112K
  class space    used 9653K, committed 9984K, reserved 1048576K
}
Event: 17.371 GC heap after
{Heap after GC invocations=17 (full 0):
 garbage-first heap   total 104448K, used 41393K [0x0000000081a00000, 0x0000000100000000)
  region size 1024K, 7 young (7168K), 7 survivors (7168K)
 Metaspace       used 72858K, committed 73536K, reserved 1114112K
  class space    used 9653K, committed 9984K, reserved 1048576K
}
Event: 19.826 GC heap before
{Heap before GC invocations=17 (full 0):
 garbage-first heap   total 104448K, used 89521K [0x0000000081a00000, 0x0000000100000000)
  region size 1024K, 54 young (55296K), 7 survivors (7168K)
 Metaspace       used 82158K, committed 82880K, reserved 1179648K
  class space    used 10792K, committed 11136K, reserved 1048576K
}
Event: 19.845 GC heap after
{Heap after GC invocations=18 (full 0):
 garbage-first heap   total 104448K, used 44145K [0x0000000081a00000, 0x0000000100000000)
  region size 1024K, 7 young (7168K), 7 survivors (7168K)
 Metaspace       used 82158K, committed 82880K, reserved 1179648K
  class space    used 10792K, committed 11136K, reserved 1048576K
}
Event: 22.746 GC heap before
{Heap before GC invocations=18 (full 0):
 garbage-first heap   total 104448K, used 89201K [0x0000000081a00000, 0x0000000100000000)
  region size 1024K, 52 young (53248K), 7 survivors (7168K)
 Metaspace       used 90855K, committed 91648K, reserved 1179648K
  class space    used 12057K, committed 12416K, reserved 1048576K
}
Event: 22.769 GC heap after
{Heap after GC invocations=19 (full 0):
 garbage-first heap   total 104448K, used 45568K [0x0000000081a00000, 0x0000000100000000)
  region size 1024K, 5 young (5120K), 5 survivors (5120K)
 Metaspace       used 90855K, committed 91648K, reserved 1179648K
  class space    used 12057K, committed 12416K, reserved 1048576K
}

Dll operation events (4 events):
Event: 0.052 Loaded shared library C:\Program Files\Android\Android Studio\jbr\bin\java.dll
Event: 0.055 Loaded shared library C:\Program Files\Android\Android Studio\jbr\bin\zip.dll
Event: 2.576 Loaded shared library C:\Program Files\Android\Android Studio\jbr\bin\verify.dll
Event: 4.669 Loaded shared library C:\Program Files\Android\Android Studio\jbr\bin\instrument.dll

Deoptimization events (20 events):
Event: 23.807 Thread 0x0000014997d59930 Uncommon trap: trap_request=0xffffffbe fr.pc=0x00000149a2c214f8 relative=0x00000000000003f8
Event: 23.807 Thread 0x0000014997d59930 Uncommon trap: reason=profile_predicate action=maybe_recompile pc=0x00000149a2c214f8 method=java.util.stream.ReferencePipeline.forEachWithCancel(Ljava/util/Spliterator;Ljava/util/stream/Sink;)Z @ 8 c2
Event: 23.807 Thread 0x0000014997d59930 DEOPT PACKING pc=0x00000149a2c214f8 sp=0x00000039e6cfa1f0
Event: 23.807 Thread 0x0000014997d59930 DEOPT UNPACKING pc=0x00000149a25146a2 sp=0x00000039e6cfa180 mode 2
Event: 23.807 Thread 0x0000014997d59930 Uncommon trap: trap_request=0xffffffde fr.pc=0x00000149a2d97aa4 relative=0x0000000000000a04
Event: 23.807 Thread 0x0000014997d59930 Uncommon trap: reason=class_check action=maybe_recompile pc=0x00000149a2d97aa4 method=org.springframework.core.ResolvableType.calculateHashCode()I @ 43 c2
Event: 23.807 Thread 0x0000014997d59930 DEOPT PACKING pc=0x00000149a2d97aa4 sp=0x00000039e6cf9940
Event: 23.807 Thread 0x0000014997d59930 DEOPT UNPACKING pc=0x00000149a25146a2 sp=0x00000039e6cf9918 mode 2
Event: 23.807 Thread 0x0000014997d59930 Uncommon trap: trap_request=0xffffffde fr.pc=0x00000149a2d97aa4 relative=0x0000000000000a04
Event: 23.807 Thread 0x0000014997d59930 Uncommon trap: reason=class_check action=maybe_recompile pc=0x00000149a2d97aa4 method=org.springframework.core.ResolvableType.calculateHashCode()I @ 43 c2
Event: 23.807 Thread 0x0000014997d59930 DEOPT PACKING pc=0x00000149a2d97aa4 sp=0x00000039e6cf9820
Event: 23.807 Thread 0x0000014997d59930 DEOPT UNPACKING pc=0x00000149a25146a2 sp=0x00000039e6cf97f8 mode 2
Event: 23.807 Thread 0x0000014997d59930 Uncommon trap: trap_request=0xffffffbe fr.pc=0x00000149a2c214f8 relative=0x00000000000003f8
Event: 23.807 Thread 0x0000014997d59930 Uncommon trap: reason=profile_predicate action=maybe_recompile pc=0x00000149a2c214f8 method=java.util.stream.ReferencePipeline.forEachWithCancel(Ljava/util/Spliterator;Ljava/util/stream/Sink;)Z @ 8 c2
Event: 23.807 Thread 0x0000014997d59930 DEOPT PACKING pc=0x00000149a2c214f8 sp=0x00000039e6cf9f80
Event: 23.807 Thread 0x0000014997d59930 DEOPT UNPACKING pc=0x00000149a25146a2 sp=0x00000039e6cf9f10 mode 2
Event: 24.113 Thread 0x0000014997d59930 Uncommon trap: trap_request=0xffffff45 fr.pc=0x00000149a2b60b4c relative=0x000000000000156c
Event: 24.113 Thread 0x0000014997d59930 Uncommon trap: reason=unstable_if action=reinterpret pc=0x00000149a2b60b4c method=java.util.concurrent.ConcurrentHashMap.computeIfAbsent(Ljava/lang/Object;Ljava/util/function/Function;)Ljava/lang/Object; @ 123 c2
Event: 24.113 Thread 0x0000014997d59930 DEOPT PACKING pc=0x00000149a2b60b4c sp=0x00000039e6cfa1f0
Event: 24.113 Thread 0x0000014997d59930 DEOPT UNPACKING pc=0x00000149a25146a2 sp=0x00000039e6cfa180 mode 2

Classes loaded (20 events):
Event: 24.146 Loading class java/lang/Package$1PackageInfoProxy
Event: 24.147 Loading class java/lang/Package$1PackageInfoProxy done
Event: 24.147 Loading class org/springframework/data/repository/core/support/RepositoryFactorySupport
Event: 24.147 Loading class org/springframework/data/repository/core/support/RepositoryFactorySupport done
Event: 24.147 Loading class org/springframework/core/metrics/ApplicationStartup
Event: 24.147 Loading class org/springframework/core/metrics/ApplicationStartup done
Event: 24.147 Loading class org/springframework/data/repository/core/support/RepositoryProxyPostProcessor
Event: 24.147 Loading class org/springframework/data/repository/core/support/RepositoryProxyPostProcessor done
Event: 24.148 Loading class org/springframework/data/jpa/repository/support/CrudMethodMetadataPostProcessor$CrudMethodMetadataPopulatingMethodInterceptor
Event: 24.148 Loading class org/springframework/data/jpa/repository/support/CrudMethodMetadataPostProcessor$CrudMethodMetadataPopulatingMethodInterceptor done
Event: 24.151 Loading class org/springframework/data/repository/core/RepositoryInformation
Event: 24.151 Loading class org/springframework/data/repository/core/RepositoryInformation done
Event: 24.151 Loading class org/springframework/data/repository/core/RepositoryInformation
Event: 24.151 Loading class org/springframework/data/repository/core/RepositoryInformation done
Event: 24.153 Loading class org/springframework/aop/DynamicIntroductionAdvice
Event: 24.153 Loading class org/springframework/aop/DynamicIntroductionAdvice done
Event: 24.154 Loading class org/springframework/data/jpa/repository/query/Procedure
Event: 24.154 Loading class org/springframework/data/jpa/repository/query/Procedure done
Event: 24.156 Loading class org/springframework/data/repository/core/support/TransactionalRepositoryProxyPostProcessor$RepositoryAnnotationTransactionAttributeSource
Event: 24.156 Loading class org/springframework/data/repository/core/support/TransactionalRepositoryProxyPostProcessor$RepositoryAnnotationTransactionAttributeSource done

Classes unloaded (2 events):
Event: 3.229 Thread 0x00000149b403aa40 Unloading class 0x00000001000c1c00 'java/lang/invoke/LambdaForm$DMH+0x00000001000c1c00'
Event: 12.734 Thread 0x00000149b403aa40 Unloading class 0x0000000100370000 'net/bytebuddy/mirror/AccessibleObject'

Classes redefined (10 events):
Event: 1.106 Thread 0x00000149b403aa40 redefined class name=java.lang.Throwable, count=1
Event: 6.593 Thread 0x00000149b403aa40 redefined class name=org.springframework.data.repository.CrudRepository, count=1
Event: 6.593 Thread 0x00000149b403aa40 redefined class name=org.springframework.data.repository.Repository, count=1
Event: 6.593 Thread 0x00000149b403aa40 redefined class name=org.springframework.data.jpa.repository.JpaRepository, count=1
Event: 6.593 Thread 0x00000149b403aa40 redefined class name=pe.edu.upeu.sysasistencia.repositorio.ICrudGenericoRepository, count=1
Event: 6.593 Thread 0x00000149b403aa40 redefined class name=org.springframework.data.repository.ListCrudRepository, count=1
Event: 6.593 Thread 0x00000149b403aa40 redefined class name=org.springframework.data.repository.query.QueryByExampleExecutor, count=1
Event: 6.593 Thread 0x00000149b403aa40 redefined class name=pe.edu.upeu.sysasistencia.repositorio.IProgramaEstudioRepository, count=1
Event: 6.593 Thread 0x00000149b403aa40 redefined class name=org.springframework.data.repository.ListPagingAndSortingRepository, count=1
Event: 6.593 Thread 0x00000149b403aa40 redefined class name=org.springframework.data.repository.PagingAndSortingRepository, count=1

Internal exceptions (20 events):
Event: 21.032 Thread 0x0000014997d59930 Exception <a 'java/lang/NoSuchMethodError'{0x0000000085e59928}: 'java.lang.Object java.lang.invoke.DirectMethodHandle$Holder.newInvokeSpecial(java.lang.Object, java.lang.Object, int, java.lang.Object)'> (0x0000000085e59928) 
thrown [s\src\hotspot\share\interpreter\linkResolver.cpp, line 784]
Event: 21.032 Thread 0x0000014997d59930 Exception <a 'java/lang/NoSuchMethodError'{0x0000000085e5db38}: 'java.lang.Object java.lang.invoke.Invokers$Holder.linkToTargetMethod(java.lang.Object, int, java.lang.Object, java.lang.Object)'> (0x0000000085e5db38) 
thrown [s\src\hotspot\share\interpreter\linkResolver.cpp, line 784]
Event: 21.074 Thread 0x0000014997d59930 Exception <a 'java/lang/NoSuchMethodError'{0x0000000085d8fff8}: 'void java.lang.invoke.DirectMethodHandle$Holder.invokeSpecial(java.lang.Object, java.lang.Object, java.lang.Object, java.lang.Object, java.lang.Object, java.lang.Object, java.lang.Object, java.lang.Object)'> (0x0000000085d8fff8) 
thrown [s\src\hotspot\share\interpreter\linkResolver.cpp, line 784]
Event: 21.087 Thread 0x0000014997d59930 Exception <a 'java/lang/NoSuchMethodError'{0x0000000085ddd2a0}: 'void java.lang.invoke.DirectMethodHandle$Holder.invokeSpecial(java.lang.Object, java.lang.Object, int, java.lang.Object)'> (0x0000000085ddd2a0) 
thrown [s\src\hotspot\share\interpreter\linkResolver.cpp, line 784]
Event: 21.177 Thread 0x0000014997d59930 Exception <a 'java/lang/NoSuchMethodError'{0x0000000085a32328}: 'java.lang.Object java.lang.invoke.DirectMethodHandle$Holder.newInvokeSpecial(java.lang.Object, java.lang.Object, java.lang.Object, java.lang.Object, java.lang.Object, int, java.lang.Object)'> (0x0000000085a32328) 
thrown [s\src\hotspot\share\interpreter\linkResolver.cpp, line 784]
Event: 21.189 Thread 0x0000014997d59930 Exception <a 'java/lang/NoSuchMethodError'{0x0000000085a5f288}: 'void java.lang.invoke.DirectMethodHandle$Holder.invokeSpecial(java.lang.Object, java.lang.Object, java.lang.Object, java.lang.Object, java.lang.Object, java.lang.Object, java.lang.Object, java.lang.Object, java.lang.Object, java.lang.Object, java.lang.Object, java.lang.Object, java.lang.Object)'> (0x0000000085a5f288) 
thrown [s\src\hotspot\share\interpreter\linkResolver.cpp, line 784]
Event: 21.190 Thread 0x0000014997d59930 Exception <a 'java/lang/NoSuchMethodError'{0x0000000085a6c200}: 'java.lang.Object java.lang.invoke.Invokers$Holder.linkToTargetMethod(java.lang.Object, java.lang.Object, java.lang.Object, java.lang.Object, java.lang.Object, java.lang.Object, java.lang.Object, java.lang.Object, java.lang.Object, java.lang.Object, java.lang.Object, java.lang.Object)'> (0x0000000085a6c200) 
thrown [s\src\hotspot\share\interpreter\linkResolver.cpp, line 784]
Event: 21.255 Thread 0x0000014997d59930 Exception <a 'java/lang/IncompatibleClassChangeError'{0x00000000859585a0}: Found class java.lang.Object, but interface was expected> (0x00000000859585a0) 
thrown [s\src\hotspot\share\interpreter\linkResolver.cpp, line 851]
Event: 21.341 Thread 0x0000014997d59930 Exception <a 'java/lang/IncompatibleClassChangeError'{0x00000000858c1380}: Found class java.lang.Object, but interface was expected> (0x00000000858c1380) 
thrown [s\src\hotspot\share\interpreter\linkResolver.cpp, line 851]
Event: 21.379 Thread 0x0000014997d59930 Exception <a 'java/lang/NoSuchMethodError'{0x000000008575dc20}: 'java.lang.Object java.lang.invoke.DirectMethodHandle$Holder.newInvokeSpecial(java.lang.Object, java.lang.Object, java.lang.Object, java.lang.Object, java.lang.Object, java.lang.Object, java.lang.Object, int)'> (0x000000008575dc20) 
thrown [s\src\hotspot\share\interpreter\linkResolver.cpp, line 784]
Event: 21.380 Thread 0x0000014997d59930 Exception <a 'java/lang/NoSuchMethodError'{0x0000000085762a58}: 'java.lang.Object java.lang.invoke.DirectMethodHandle$Holder.invokeSpecial(java.lang.Object, java.lang.Object, java.lang.Object, java.lang.Object, java.lang.Object, java.lang.Object, java.lang.Object, java.lang.Object, int)'> (0x0000000085762a58) 
thrown [s\src\hotspot\share\interpreter\linkResolver.cpp, line 784]
Event: 21.381 Thread 0x0000014997d59930 Exception <a 'java/lang/NoSuchMethodError'{0x0000000085767278}: 'java.lang.Object java.lang.invoke.Invokers$Holder.linkToTargetMethod(java.lang.Object, java.lang.Object, java.lang.Object, java.lang.Object, java.lang.Object, java.lang.Object, int, java.lang.Object)'> (0x0000000085767278) 
thrown [s\src\hotspot\share\interpreter\linkResolver.cpp, line 784]
Event: 21.529 Thread 0x0000014997d59930 Exception <a 'java/lang/NoSuchMethodError'{0x000000008551ce48}: 'java.lang.Object java.lang.invoke.DirectMethodHandle$Holder.newInvokeSpecial(java.lang.Object, java.lang.Object, int, java.lang.Object, int, java.lang.Object, java.lang.Object)'> (0x000000008551ce48) 
thrown [s\src\hotspot\share\interpreter\linkResolver.cpp, line 784]
Event: 21.743 Thread 0x0000014997d59930 Exception <a 'java/lang/NoSuchMethodError'{0x000000008511bca8}: 'void java.lang.invoke.DirectMethodHandle$Holder.invokeStatic(java.lang.Object, java.lang.Object, java.lang.Object, java.lang.Object, java.lang.Object, java.lang.Object, java.lang.Object, java.lang.Object, java.lang.Object)'> (0x000000008511bca8) 
thrown [s\src\hotspot\share\interpreter\linkResolver.cpp, line 784]
Event: 22.743 Thread 0x0000014997d59930 Exception <a 'java/lang/NoSuchMethodError'{0x0000000084fefa80}: 'java.lang.Object java.lang.invoke.DirectMethodHandle$Holder.invokeSpecial(java.lang.Object, java.lang.Object, int, java.lang.Object, int)'> (0x0000000084fefa80) 
thrown [s\src\hotspot\share\interpreter\linkResolver.cpp, line 784]
Event: 23.040 Thread 0x0000014997d59930 Implicit null exception at 0x00000149a2e4cc24 to 0x00000149a2e4cf24
Event: 23.247 Thread 0x0000014997d59930 Implicit null exception at 0x00000149a2e63361 to 0x00000149a2e674c4
Event: 23.279 Thread 0x0000014997d59930 Exception <a 'java/lang/IncompatibleClassChangeError'{0x0000000088175700}: Found class java.lang.Object, but interface was expected> (0x0000000088175700) 
thrown [s\src\hotspot\share\interpreter\linkResolver.cpp, line 851]
Event: 23.560 Thread 0x0000014997d59930 Exception <a 'java/lang/IncompatibleClassChangeError'{0x000000008710fa40}: Found class java.lang.Object, but interface was expected> (0x000000008710fa40) 
thrown [s\src\hotspot\share\interpreter\linkResolver.cpp, line 851]
Event: 24.111 Thread 0x0000014997d59930 Exception <a 'java/lang/IncompatibleClassChangeError'{0x0000000086d72240}: Found class java.lang.Object, but interface was expected> (0x0000000086d72240) 
thrown [s\src\hotspot\share\interpreter\linkResolver.cpp, line 851]

ZGC Phase Switch (0 events):
No events

VM Operations (20 events):
Event: 20.815 Executing VM operation: ICBufferFull
Event: 20.815 Executing VM operation: ICBufferFull done
Event: 21.416 Executing VM operation: HandshakeAllThreads (Deoptimize)
Event: 21.416 Executing VM operation: HandshakeAllThreads (Deoptimize) done
Event: 21.776 Executing VM operation: HandshakeAllThreads (Deoptimize)
Event: 21.776 Executing VM operation: HandshakeAllThreads (Deoptimize) done
Event: 22.137 Executing VM operation: HandshakeAllThreads (Deoptimize)
Event: 22.137 Executing VM operation: HandshakeAllThreads (Deoptimize) done
Event: 22.137 Executing VM operation: Cleanup
Event: 22.137 Executing VM operation: Cleanup done
Event: 22.746 Executing VM operation: G1CollectForAllocation (G1 Evacuation Pause)
Event: 22.769 Executing VM operation: G1CollectForAllocation (G1 Evacuation Pause) done
Event: 22.851 Executing VM operation: G1PauseRemark
Event: 22.871 Executing VM operation: G1PauseRemark done
Event: 22.898 Executing VM operation: G1PauseCleanup
Event: 22.898 Executing VM operation: G1PauseCleanup done
Event: 23.074 Executing VM operation: HandshakeAllThreads (Deoptimize)
Event: 23.075 Executing VM operation: HandshakeAllThreads (Deoptimize) done
Event: 24.083 Executing VM operation: Cleanup
Event: 24.084 Executing VM operation: Cleanup done

Memory protections (0 events):
No events

Nmethod flushes (20 events):
Event: 22.868 Thread 0x00000149b403aa40 flushing  nmethod 0x000001499b7c6510
Event: 22.868 Thread 0x00000149b403aa40 flushing  nmethod 0x000001499b7c7090
Event: 22.868 Thread 0x00000149b403aa40 flushing  nmethod 0x000001499b7c7510
Event: 22.868 Thread 0x00000149b403aa40 flushing  nmethod 0x000001499b7c7990
Event: 22.868 Thread 0x00000149b403aa40 flushing  nmethod 0x000001499b7ccc90
Event: 22.868 Thread 0x00000149b403aa40 flushing  nmethod 0x000001499b7cd010
Event: 22.868 Thread 0x00000149b403aa40 flushing  nmethod 0x000001499b7cd810
Event: 22.868 Thread 0x00000149b403aa40 flushing  nmethod 0x000001499b7f1110
Event: 22.868 Thread 0x00000149b403aa40 flushing  nmethod 0x000001499b80bd90
Event: 22.868 Thread 0x00000149b403aa40 flushing  nmethod 0x000001499b80c310
Event: 22.868 Thread 0x00000149b403aa40 flushing  nmethod 0x000001499b80c710
Event: 22.868 Thread 0x00000149b403aa40 flushing  nmethod 0x000001499b80ed90
Event: 22.868 Thread 0x00000149b403aa40 flushing  nmethod 0x000001499b839210
Event: 22.868 Thread 0x00000149b403aa40 flushing  nmethod 0x000001499b839d90
Event: 22.868 Thread 0x00000149b403aa40 flushing  nmethod 0x000001499b83b290
Event: 22.868 Thread 0x00000149b403aa40 flushing  nmethod 0x000001499b83bb90
Event: 22.868 Thread 0x00000149b403aa40 flushing  nmethod 0x000001499b851c90
Event: 22.868 Thread 0x00000149b403aa40 flushing  nmethod 0x000001499b854190
Event: 22.868 Thread 0x00000149b403aa40 flushing  nmethod 0x000001499b8fdf10
Event: 22.868 Thread 0x00000149b403aa40 flushing  nmethod 0x000001499b94e810

Events (20 events):
Event: 11.065 Thread 0x00000149b40ccbb0 Thread added: 0x00000149ba29e9d0
Event: 11.139 Thread 0x00000149ba2e9d80 Thread exited: 0x00000149ba2e9d80
Event: 12.238 Thread 0x00000149b5395650 Thread exited: 0x00000149b5395650
Event: 13.894 Thread 0x00000149ba29e9d0 Thread exited: 0x00000149ba29e9d0
Event: 14.009 Thread 0x00000149b994d2c0 Thread exited: 0x00000149b994d2c0
Event: 14.149 Thread 0x00000149b40ccbb0 Thread added: 0x00000149baaa6c40
Event: 15.635 Thread 0x0000014997d59930 Thread added: 0x00000149bb7747e0
Event: 16.783 Thread 0x00000149baaa6c40 Thread exited: 0x00000149baaa6c40
Event: 17.213 Thread 0x00000149b40ccbb0 Thread added: 0x00000149baccca50
Event: 17.853 Thread 0x00000149baccca50 Thread exited: 0x00000149baccca50
Event: 18.004 Thread 0x0000014997d59930 Thread added: 0x00000149b552cc20
Event: 18.113 Thread 0x00000149b552cc20 Thread added: 0x00000149b552dfd0
Event: 18.365 Thread 0x00000149b40ccbb0 Thread added: 0x00000149b73d9c00
Event: 19.406 Thread 0x00000149b73d9c00 Thread exited: 0x00000149b73d9c00
Event: 19.640 Thread 0x00000149b40ccbb0 Thread added: 0x00000149bbe45e00
Event: 20.529 Thread 0x00000149bbe45e00 Thread exited: 0x00000149bbe45e00
Event: 20.821 Thread 0x00000149b40ccbb0 Thread added: 0x00000149bbe43bf0
Event: 21.146 Thread 0x00000149bbe43bf0 Thread exited: 0x00000149bbe43bf0
Event: 22.960 Thread 0x00000149b40ccbb0 Thread added: 0x00000149bbe44990
Event: 23.647 Thread 0x00000149b552dfd0 Thread exited: 0x00000149b552dfd0


Dynamic libraries:
0x00007ff6cea40000 - 0x00007ff6cea4a000 	C:\Program Files\Android\Android Studio\jbr\bin\java.exe
0x00007ff985180000 - 0x00007ff9853e8000 	C:\WINDOWS\SYSTEM32\ntdll.dll
0x00007ff983d20000 - 0x00007ff983de9000 	C:\WINDOWS\System32\KERNEL32.DLL
0x00007ff982b50000 - 0x00007ff982f42000 	C:\WINDOWS\System32\KERNELBASE.dll
0x00007ff9825d0000 - 0x00007ff98271b000 	C:\WINDOWS\System32\ucrtbase.dll
0x00007ff966de0000 - 0x00007ff966df8000 	C:\Program Files\Android\Android Studio\jbr\bin\jli.dll
0x00007ff983500000 - 0x00007ff9836c5000 	C:\WINDOWS\System32\USER32.dll
0x00007ff982720000 - 0x00007ff982747000 	C:\WINDOWS\System32\win32u.dll
0x00007ff984940000 - 0x00007ff98496b000 	C:\WINDOWS\System32\GDI32.dll
0x00007ff9828d0000 - 0x00007ff9829fd000 	C:\WINDOWS\System32\gdi32full.dll
0x00007ff982aa0000 - 0x00007ff982b43000 	C:\WINDOWS\System32\msvcp_win.dll
0x00007ff9660c0000 - 0x00007ff9660db000 	C:\Program Files\Android\Android Studio\jbr\bin\VCRUNTIME140.dll
0x00007ff9681e0000 - 0x00007ff968473000 	C:\WINDOWS\WinSxS\amd64_microsoft.windows.common-controls_6595b64144ccf1df_6.0.26100.6899_none_3e0efeeae32e88c1\COMCTL32.dll
0x00007ff9842f0000 - 0x00007ff984399000 	C:\WINDOWS\System32\msvcrt.dll
0x00007ff983af0000 - 0x00007ff983b1f000 	C:\WINDOWS\System32\IMM32.DLL
0x00007ff9681a0000 - 0x00007ff9681ac000 	C:\Program Files\Android\Android Studio\jbr\bin\vcruntime140_1.dll
0x00007ff9280d0000 - 0x00007ff92815d000 	C:\Program Files\Android\Android Studio\jbr\bin\msvcp140.dll
0x00007ff8e6d30000 - 0x00007ff8e79ba000 	C:\Program Files\Android\Android Studio\jbr\bin\server\jvm.dll
0x00007ff984880000 - 0x00007ff984934000 	C:\WINDOWS\System32\ADVAPI32.dll
0x00007ff983230000 - 0x00007ff9832d6000 	C:\WINDOWS\System32\sechost.dll
0x00007ff983340000 - 0x00007ff983458000 	C:\WINDOWS\System32\RPCRT4.dll
0x00007ff9850c0000 - 0x00007ff985134000 	C:\WINDOWS\System32\WS2_32.dll
0x00007ff982190000 - 0x00007ff9821ee000 	C:\WINDOWS\SYSTEM32\POWRPROF.dll
0x00007ff968480000 - 0x00007ff9684b5000 	C:\WINDOWS\SYSTEM32\WINMM.dll
0x00007ff976730000 - 0x00007ff97673b000 	C:\WINDOWS\SYSTEM32\VERSION.dll
0x00007ff982170000 - 0x00007ff982184000 	C:\WINDOWS\SYSTEM32\UMPDC.dll
0x00007ff9810a0000 - 0x00007ff9810bb000 	C:\WINDOWS\SYSTEM32\kernel.appcore.dll
0x00007ff966230000 - 0x00007ff96623a000 	C:\Program Files\Android\Android Studio\jbr\bin\jimage.dll
0x00007ff97cbb0000 - 0x00007ff97cdf2000 	C:\WINDOWS\SYSTEM32\DBGHELP.DLL
0x00007ff983ee0000 - 0x00007ff98425b000 	C:\WINDOWS\System32\combase.dll
0x00007ff983150000 - 0x00007ff983227000 	C:\WINDOWS\System32\OLEAUT32.dll
0x00007ff966b20000 - 0x00007ff966b5c000 	C:\WINDOWS\SYSTEM32\dbgcore.DLL
0x00007ff982a00000 - 0x00007ff982a98000 	C:\WINDOWS\System32\bcryptPrimitives.dll
0x00007ff9686b0000 - 0x00007ff9686be000 	C:\Program Files\Android\Android Studio\jbr\bin\instrument.dll
0x00007ff962770000 - 0x00007ff962790000 	C:\Program Files\Android\Android Studio\jbr\bin\java.dll
0x00007ff961420000 - 0x00007ff961438000 	C:\Program Files\Android\Android Studio\jbr\bin\zip.dll
0x00007ff984970000 - 0x00007ff9850bd000 	C:\WINDOWS\System32\SHELL32.dll
0x00007ff982460000 - 0x00007ff9825cb000 	C:\WINDOWS\System32\wintypes.dll
0x00007ff97ff10000 - 0x00007ff98076d000 	C:\WINDOWS\SYSTEM32\windows.storage.dll
0x00007ff9839f0000 - 0x00007ff983ae2000 	C:\WINDOWS\System32\SHCORE.dll
0x00007ff983cb0000 - 0x00007ff983d12000 	C:\WINDOWS\System32\shlwapi.dll
0x00007ff982230000 - 0x00007ff982259000 	C:\WINDOWS\SYSTEM32\profapi.dll
0x00007ff965600000 - 0x00007ff965610000 	C:\Program Files\Android\Android Studio\jbr\bin\net.dll
0x00007ff9749c0000 - 0x00007ff974adf000 	C:\WINDOWS\SYSTEM32\WINHTTP.dll
0x00007ff9815f0000 - 0x00007ff98165b000 	C:\WINDOWS\system32\mswsock.dll
0x00007ff962c80000 - 0x00007ff962c96000 	C:\Program Files\Android\Android Studio\jbr\bin\nio.dll
0x00007ff9684c0000 - 0x00007ff9684c9000 	C:\Program Files\Android\Android Studio\jbr\bin\extnet.dll
0x00007ff980b30000 - 0x00007ff980c56000 	C:\WINDOWS\SYSTEM32\DNSAPI.dll
0x00007ff980aa0000 - 0x00007ff980ad4000 	C:\WINDOWS\SYSTEM32\IPHLPAPI.DLL
0x00007ff983b30000 - 0x00007ff983b3a000 	C:\WINDOWS\System32\NSI.dll
0x00007ff96c7f0000 - 0x00007ff96c7fb000 	C:\Windows\System32\rasadhlp.dll
0x00007ff9700f0000 - 0x00007ff970176000 	C:\WINDOWS\System32\fwpuclnt.dll
0x00007ff9789b0000 - 0x00007ff9789b9000 	C:\Program Files\Android\Android Studio\jbr\bin\management.dll
0x00007ff9789a0000 - 0x00007ff9789ab000 	C:\Program Files\Android\Android Studio\jbr\bin\management_ext.dll
0x00007ff9834f0000 - 0x00007ff9834f8000 	C:\WINDOWS\System32\PSAPI.DLL
0x00007ff9819d0000 - 0x00007ff9819eb000 	C:\WINDOWS\SYSTEM32\CRYPTSP.dll
0x00007ff981000000 - 0x00007ff98103b000 	C:\WINDOWS\system32\rsaenh.dll
0x00007ff981690000 - 0x00007ff9816bb000 	C:\WINDOWS\SYSTEM32\USERENV.dll
0x00007ff982200000 - 0x00007ff982226000 	C:\WINDOWS\SYSTEM32\bcrypt.dll
0x00007ff981830000 - 0x00007ff98183c000 	C:\WINDOWS\SYSTEM32\CRYPTBASE.dll
0x00007ff8f0990000 - 0x00007ff8f09a8000 	C:\WINDOWS\system32\napinsp.dll
0x00007ff8ef490000 - 0x00007ff8ef4a2000 	C:\WINDOWS\System32\winrnr.dll
0x00007ff976a90000 - 0x00007ff976ab8000 	C:\WINDOWS\system32\nlansp_c.dll
0x00007ff976490000 - 0x00007ff9764a6000 	C:\WINDOWS\system32\wshbth.dll
0x00007ff96f3a0000 - 0x00007ff96f3b0000 	C:\Program Files\Android\Android Studio\jbr\bin\verify.dll
0x00007ff960760000 - 0x00007ff9607b6000 	C:\WINDOWS\SYSTEM32\pdh.dll
0x00007ff9789d0000 - 0x00007ff9789e2000 	C:\WINDOWS\System32\perfproc.dll
0x00007ff978960000 - 0x00007ff978971000 	C:\WINDOWS\System32\perfos.dll
0x00007ff97c0b0000 - 0x00007ff97c0c2000 	C:\WINDOWS\SYSTEM32\pfclient.dll

dbghelp: loaded successfully - version: 4.0.5 - missing functions: none
symbol engine: initialized successfully - sym options: 0x614 - pdb path: .;C:\Program Files\Android\Android Studio\jbr\bin;C:\WINDOWS\SYSTEM32;C:\WINDOWS\WinSxS\amd64_microsoft.windows.common-controls_6595b64144ccf1df_6.0.26100.6899_none_3e0efeeae32e88c1;C:\Program Files\Android\Android Studio\jbr\bin\server

VM Arguments:
jvm_args: -javaagent:C:\Users\HP\AppData\Local\JetBrains\IntelliJIdea2025.1\captureAgent\debugger-agent.jar=file:///C:/Users/HP/AppData/Local/Temp/capture9310462490674975064.props -ea -Didea.test.cyclic.buffer.size=1048576 -javaagent:C:\Program Files\JetBrains\IntelliJ IDEA 2025.1\lib\idea_rt.jar=53498 -Dkotlinx.coroutines.debug.enable.creation.stack.trace=false -Ddebugger.agent.enable.coroutines=true -Dkotlinx.coroutines.debug.enable.flows.stack.trace=true -Dkotlinx.coroutines.debug.enable.mutable.state.flows.stack.trace=true -Dfile.encoding=UTF-8 -Dsun.stdout.encoding=UTF-8 -Dsun.stderr.encoding=UTF-8 
java_command: com.intellij.rt.junit.JUnitStarter -ideVersion5 -junit5 @w@C:\Users\HP\AppData\Local\Temp\idea_working_dirs_junit.tmp @C:\Users\HP\AppData\Local\Temp\idea_junit.tmp -socket53497
java_class_path (initial): C:\Users\HP\.m2\repository\org\junit\platform\junit-platform-launcher\1.12.2\junit-platform-launcher-1.12.2.jar;C:\Program Files\JetBrains\IntelliJ IDEA 2025.1\lib\idea_rt.jar;C:\Program Files\JetBrains\IntelliJ IDEA 2025.1\plugins\junit\lib\junit5-rt.jar;C:\Program Files\JetBrains\IntelliJ IDEA 2025.1\plugins\junit\lib\junit-rt.jar;D:\Disco D\UPeU\Semestre 7\Pruebas y Despliegue del software\pruebaappAES\target\test-classes;D:\Disco D\UPeU\Semestre 7\Pruebas y Despliegue del software\pruebaappAES\target\classes;C:\Users\HP\.m2\repository\org\springframework\boot\spring-boot-starter-data-jpa\3.5.6\spring-boot-starter-data-jpa-3.5.6.jar;C:\Users\HP\.m2\repository\org\springframework\boot\spring-boot-starter\3.5.6\spring-boot-starter-3.5.6.jar;C:\Users\HP\.m2\repository\org\springframework\boot\spring-boot\3.5.6\spring-boot-3.5.6.jar;C:\Users\HP\.m2\repository\org\springframework\boot\spring-boot-autoconfigure\3.5.6\spring-boot-autoconfigure-3.5.6.jar;C:\Users\HP\.m2\repository\org\springframework\boot\spring-boot-starter-logging\3.5.6\spring-boot-starter-logging-3.5.6.jar;C:\Users\HP\.m2\repository\ch\qos\logback\logback-classic\1.5.18\logback-classic-1.5.18.jar;C:\Users\HP\.m2\repository\ch\qos\logback\logback-core\1.5.18\logback-core-1.5.18.jar;C:\Users\HP\.m2\repository\org\apache\logging\log4j\log4j-to-slf4j\2.24.3\log4j-to-slf4j-2.24.3.jar;C:\Users\HP\.m2\repository\org\slf4j\jul-to-slf4j\2.0.17\jul-to-slf4j-2.0.17.jar;C:\Users\HP\.m2\repository\org\yaml\snakeyaml\2.4\snakeyaml-2.4.jar;C:\Users\HP\.m2\repository\org\springframework\boot\spring-boot-starter-jdbc\3.5.6\spring-boot-starter-jdbc-3.5.6.jar;C:\Users\HP\.m2\repository\com\zaxxer\HikariCP\6.3.3\HikariCP-6.3.3.jar;C:\Users\HP\.m2\repository\org\springframework\spring-jdbc\6.2.11\spring-jdbc-6.2.11.jar;C:\Users\HP\.m2\repository\org\hibernate\orm\hibernate-core\6.6.29.Final\hibernate-core-6.6.29.Final.jar;C:\Users\HP\.m2\repository\jakarta\persistence\jakarta.persistence-api\3.1.0\jakarta.persistence-api-3.1.0.jar;C:\Users\HP\.m2\repository\jakarta\transaction\jakarta.transaction-api\2.0.1\jakarta.transaction-api-2.0.1.jar;C:\Users\HP\.m2\repository\org\jboss\logging\jboss-logging\3.6.1.Final\jboss-logging-3.6.1.Final.jar;C:\Users\HP\.m2\repository\org\hibernate\common\hibernate-commons-annotations\7.0.3.Final\hibernate-commons-annotations-7.0.3.Final.jar;C:\Users\HP\.m2\repository\io\smallrye\jandex\3.2.0\jandex-3.2.0.jar;C:\Users\HP\.m2\repository\com\fasterxml\classmate\1.7.0\classmate-1.7.0.jar;C:\Users\HP\.m2\repository\org\glassfish\jaxb\jaxb-runtime\4.0.5\jaxb-runtime-4.0.5.jar;C:\Users\HP\.m2\repository\org\glassfish\jaxb\jaxb-core\4.0.5\jaxb-core-4.0.5.jar;C:\Users\HP\.m2\repository\org\eclipse\angus\angus-activation\2.0.2\angus-activation-2.0.2.jar;C:\Users\HP\.m2\repository\org\glassfish\jaxb\txw2\4.0.5\txw2-4.0.5.jar;C:\Users\HP\.m2\repository\com\sun\istack\istack-commons-runtime\4.1.2\istack-commons-runtime-4.1.2.jar;C:\Users\HP\.m2\repository\jakarta\inject\jakarta.inject-api\2.0.1\jakarta.inject-api-2.0.1.jar;C:\Users\HP\.m2\repository\org\antlr\antlr4-runtime\4.13.0\antlr4-runtime-4.13.0.jar;C:\Users\HP\.m2\repository\org\springframework\data\spring-data-jpa\3.5.4\spring-data-jpa-3.5.4.jar;C:\Users\HP\.m2\repository\org\springframework\data\spring-data-commons\3.5.4\spring-data-commons-3.5.4.jar;C:\Users\HP\.m2\repository\org\springframework\spring-orm\6.2.11\spring-orm-6.2.11.jar;C:\Users\HP\.m2\repository\org\springframework\spring-context\6.2.11\spring-context-6.2.11.jar;C:\Users\HP\.m2\repository\org\springframework\spring-tx\6.2.11\spring-tx-6.2.11.jar;C:\Users\HP\.m2\repository\org\springframework\spring-beans\6.2.11\spring-beans-6.2.11.jar;C:\Users\HP\.m2\repository\org\slf4j\slf4j-api\2.0.17\slf4j-api-2.0.17.jar;C:\Users\HP\.m2\repository\org\springframework\spring-aspects\6.2.11\spring-aspects-6.2.11.jar;C:\Users\HP\.m2\repository\org\aspectj\aspectjweaver\1.9.24\aspectjweaver-1.9.24.jar;C:\Users\HP\.m2\repository\org\springframework\boot\spring-boot-starter-web\3.5.6\spring-boot-starter-web-3.5.6.jar;C:\Users\HP\.m2\repository\org\springframework\boot\spring-boot-starter-json\3.5.6\spring-boot-starter-json-3.5.6.jar;C:\Users\HP\.m2\repository\com\fasterxml\jackson\datatype\jackson-datatype-jdk8\2.19.2\jackson-datatype-jdk8-2.19.2.jar;C:\Users\HP\.m2\repository\com\fasterxml\jackson\datatype\jackson-datatype-jsr310\2.19.2\jackson-datatype-jsr310-2.19.2.jar;C:\Users\HP\.m2\repository\com\fasterxml\jackson\module\jackson-module-parameter-names\2.19.2\jackson-module-parameter-names-2.19.2.jar;C:\Users\HP\.m2\repository\org\springframework\spring-web\6.2.11\spring-web-6.2.11.jar;C:\Users\HP\.m2\repository\io\micrometer\micrometer-observation\1.15.4\micrometer-observation-1.15.4.jar;C:\Users\HP\.m2\repository\io\micrometer\micrometer-commons\1.15.4\micrometer-commons-1.15.4.jar;C:\Users\HP\.m2\repository\org\springframework\spring-webmvc\6.2.11\spring-webmvc-6.2.11.jar;C:\Users\HP\.m2\repository\org\springframework\spring-expression\6.2.11\spring-expression-6.2.11.jar;C:\Users\HP\.m2\repository\org\springframework\boot\spring-boot-starter-security\3.5.6\spring-boot-starter-security-3.5.6.jar;C:\Users\HP\.m2\repository\org\springframework\spring-aop\6.2.11\spring-aop-6.2.11.jar;C:\Users\HP\.m2\repository\org\springframework\security\spring-security-config\6.5.5\spring-security-config-6.5.5.jar;C:\Users\HP\.m2\repository\org\springframework\security\spring-security-web\6.5.5\spring-security-web-6.5.5.jar;C:\Users\HP\.m2\repository\com\mysql\mysql-connector-j\9.4.0\mysql-connector-j-9.4.0.jar;C:\Users\HP\.m2\repository\org\projectlombok\lombok\1.18.40\lombok-1.18.40.jar;C:\Users\HP\.m2\repository\org\springframework\boot\spring-boot-starter-validation\3.5.6\spring-boot-starter-validation-3.5.6.jar;C:\Users\HP\.m2\repository\org\apache\tomcat\embed\tomcat-embed-el\10.1.46\tomcat-embed-el-10.1.46.jar;C:\Users\HP\.m2\repository\org\hibernate\validator\hibernate-validator\8.0.3.Final\hibernate-validator-8.0.3.Final.jar;C:\Users\HP\.m2\repository\jakarta\validation\jakarta.validation-api\3.0.2\jakarta.validation-api-3.0.2.jar;C:\Users\HP\.m2\repository\io\jsonwebtoken\jjwt-api\0.12.5\jjwt-api-0.12.5.jar;C:\Users\HP\.m2\repository\io\jsonwebtoken\jjwt-impl\0.12.5\jjwt-impl-0.12.5.jar;C:\Users\HP\.m2\repository\io\jsonwebtoken\jjwt-jackson\0.12.5\jjwt-jackson-0.12.5.jar;C:\Users\HP\.m2\repository\org\mapstruct\mapstruct\1.5.5.Final\mapstruct-1.5.5.Final.jar;C:\Users\HP\.m2\repository\org\mapstruct\mapstruct-processor\1.5.5.Final\mapstruct-processor-1.5.5.Final.jar;C:\Users\HP\.m2\repository\com\cloudinary\cloudinary-http44\1.33.0\cloudinary-http44-1.33.0.jar;C:\Users\HP\.m2\repository\com\cloudinary\cloudinary-core\1.33.0\cloudinary-core-1.33.0.jar;C:\Users\HP\.m2\repository\org\apache\commons\commons-lang3\3.17.0\commons-lang3-3.17.0.jar;C:\Users\HP\.m2\repository\org\apache\httpcomponents\httpclient\4.4\httpclient-4.4.jar;C:\Users\HP\.m2\repository\org\apache\httpcomponents\httpcore\4.4.16\httpcore-4.4.16.jar;C:\Users\HP\.m2\repository\org\apache\httpcomponents\httpmime\4.4\httpmime-4.4.jar;C:\Users\HP\.m2\repository\org\apache\poi\poi\5.2.5\poi-5.2.5.jar;C:\Users\HP\.m2\repository\commons-codec\commons-codec\1.18.0\commons-codec-1.18.0.jar;C:\Users\HP\.m2\repository\org\apache\commons\commons-collections4\4.4\commons-collections4-4.4.jar;C:\Users\HP\.m2\repository\org\apache\commons\commons-math3\3.6.1\commons-math3-3.6.1.jar;C:\Users\HP\.m2\repository\commons-io\commons-io\2.15.0\commons-io-2.15.0.jar;C:\Users\HP\.m2\repository\com\zaxxer\SparseBitSet\1.3\SparseBitSet-1.3.jar;C:\Users\HP\.m2\repository\org\apache\logging\log4j\log4j-api\2.24.3\log4j-api-2.24.3.jar;C:\Users\HP\.m2\repository\org\apache\poi\poi-ooxml\5.2.5\poi-ooxml-5.2.5.jar;C:\Users\HP\.m2\repository\org\apache\poi\poi-ooxml-lite\5.2.5\poi-ooxml-lite-5.2.5.jar;C:\Users\HP\.m2\repository\org\apache\xmlbeans\xmlbeans\5.2.0\xmlbeans-5.2.0.jar;C:\Users\HP\.m2\repository\org\apache\commons\commons-compress\1.25.0\commons-compress-1.25.0.jar;C:\Users\HP\.m2\repository\com\github\virtuald\curvesapi\1.08\curvesapi-1.08.jar;C:\Users\HP\.m2\repository\org\springdoc\springdoc-openapi-starter-webmvc-ui\2.3.0\springdoc-openapi-starter-webmvc-ui-2.3.0.jar;C:\Users\HP\.m2\repository\org\springdoc\springdoc-openapi-starter-webmvc-api\2.3.0\springdoc-openapi-starter-webmvc-api-2.3.0.jar;C:\Users\HP\.m2\repository\org\springdoc\springdoc-openapi-starter-common\2.3.0\springdoc-openapi-starter-common-2.3.0.jar;C:\Users\HP\.m2\repository\io\swagger\core\v3\swagger-core-jakarta\2.2.19\swagger-core-jakarta-2.2.19.jar;C:\Users\HP\.m2\repository\io\swagger\core\v3\swagger-annotations-jakarta\2.2.19\swagger-annotations-jakarta-2.2.19.jar;C:\Users\HP\.m2\repository\io\swagger\core\v3\swagger-models-jakarta\2.2.19\swagger-models-jakarta-2.2.19.jar;C:\Users\HP\.m2\repository\com\fasterxml\jackson\dataformat\jackson-dataformat-yaml\2.19.2\jackson-dataformat-yaml-2.19.2.jar;C:\Users\HP\.m2\repository\org\webjars\swagger-ui\5.10.3\swagger-ui-5.10.3.jar;C:\Users\HP\.m2\repository\org\springframework\boot\spring-boot-starter-log4j2\3.5.6\spring-boot-starter-log4j2-3.5.6.jar;C:\Users\HP\.m2\repository\org\apache\logging\log4j\log4j-slf4j2-impl\2.24.3\log4j-slf4j2-impl-2.24.3.jar;C:\Users\HP\.m2\repository\org\apache\logging\log4j\log4j-core\2.24.3\log4j-core-2.24.3.jar;C:\Users\HP\.m2\repository\org\apache\logging\log4j\log4j-jul\2.24.3\log4j-jul-2.24.3.jar;C:\Users\HP\.m2\repository\com\lmax\disruptor\3.4.4\disruptor-3.4.4.jar;C:\Users\HP\.m2\repository\org\springframework\boot\spring-boot-starter-tomcat\3.5.6\spring-boot-starter-tomcat-3.5.6.jar;C:\Users\HP\.m2\repository\jakarta\annotation\jakarta.annotation-api\2.1.1\jakarta.annotation-api-2.1.1.jar;C:\Users\HP\.m2\repository\org\apache\tomcat\embed\tomcat-embed-core\10.1.46\tomcat-embed-core-10.1.46.jar;C:\Users\HP\.m2\repository\org\apache\tomcat\embed\tomcat-embed-websocket\10.1.46\tomcat-embed-websocket-10.1.46.jar;C:\Users\HP\.m2\repository\org\springframework\boot\spring-boot-starter-test\3.5.6\spring-boot-starter-test-3.5.6.jar;C:\Users\HP\.m2\repository\org\springframework\boot\spring-boot-test\3.5.6\spring-boot-test-3.5.6.jar;C:\Users\HP\.m2\repository\org\springframework\boot\spring-boot-test-autoconfigure\3.5.6\spring-boot-test-autoconfigure-3.5.6.jar;C:\Users\HP\.m2\repository\com\jayway\jsonpath\json-path\2.9.0\json-path-2.9.0.jar;C:\Users\HP\.m2\repository\jakarta\xml\bind\jakarta.xml.bind-api\4.0.2\jakarta.xml.bind-api-4.0.2.jar;C:\Users\HP\.m2\repository\jakarta\activation\jakarta.activation-api\2.1.4\jakarta.activation-api-2.1.4.jar;C:\Users\HP\.m2\repository\net\minidev\json-smart\2.5.2\json-smart-2.5.2.jar;C:\Users\HP\.m2\repository\net\minidev\accessors-smart\2.5.2\accessors-smart-2.5.2.jar;C:\Users\HP\.m2\repository\org\ow2\asm\asm\9.7.1\asm-9.7.1.jar;C:\Users\HP\.m2\repository\org\assertj\assertj-core\3.27.4\assertj-core-3.27.4.jar;C:\Users\HP\.m2\repository\org\awaitility\awaitility\4.2.2\awaitility-4.2.2.jar;C:\Users\HP\.m2\repository\org\hamcrest\hamcrest\3.0\hamcrest-3.0.jar;C:\Users\HP\.m2\repository\org\mockito\mockito-junit-jupiter\5.17.0\mockito-junit-jupiter-5.17.0.jar;C:\Users\HP\.m2\repository\org\skyscreamer\jsonassert\1.5.3\jsonassert-1.5.3.jar;C:\Users\HP\.m2\repository\com\vaadin\external\google\android-json\0.0.20131108.vaadin1\android-json-0.0.20131108.vaadin1.jar;C:\Users\HP\.m2\repository\org\springframework\spring-core\6.2.11\spring-core-6.2.11.jar;C:\Users\HP\.m2\repository\org\springframework\spring-jcl\6.2.11\spring-jcl-6.2.11.jar;C:\Users\HP\.m2\repository\org\springframework\spring-test\6.2.11\spring-test-6.2.11.jar;C:\Users\HP\.m2\repository\org\xmlunit\xmlunit-core\2.10.4\xmlunit-core-2.10.4.jar;C:\Users\HP\.m2\repository\org\springframework\security\spring-security-test\6.5.5\spring-security-test-6.5.5.jar;C:\Users\HP\.m2\repository\org\springframework\security\spring-security-core\6.5.5\spring-security-core-6.5.5.jar;C:\Users\HP\.m2\repository\org\springframework\security\spring-security-crypto\6.5.5\spring-security-crypto-6.5.5.jar;C:\Users\HP\.m2\repository\net\sf\jasperreports\jasperreports\6.20.0\jasperreports-6.20.0.jar;C:\Users\HP\.m2\repository\commons-beanutils\commons-beanutils\1.9.4\commons-beanutils-1.9.4.jar;C:\Users\HP\.m2\repository\commons-collections\commons-collections\3.2.2\commons-collections-3.2.2.jar;C:\Users\HP\.m2\repository\commons-digester\commons-digester\2.1\commons-digester-2.1.jar;C:\Users\HP\.m2\repository\commons-logging\commons-logging\1.1.1\commons-logging-1.1.1.jar;C:\Users\HP\.m2\repository\com\lowagie\itext\2.1.7.js10\itext-2.1.7.js10.jar;C:\Users\HP\.m2\repository\org\bouncycastle\bcprov-jdk15on\1.70\bcprov-jdk15on-1.70.jar;C:\Users\HP\.m2\repository\org\bouncycastle\bcutil-jdk15on\1.70\bcutil-jdk15on-1.70.jar;C:\Users\HP\.m2\repository\org\jfree\jcommon\1.0.23\jcommon-1.0.23.jar;C:\Users\HP\.m2\repository\org\jfree\jfreechart\1.0.19\jfreechart-1.0.19.jar;C:\Users\HP\.m2\repository\org\eclipse\jdt\ecj\3.21.0\ecj-3.21.0.jar;C:\Users\HP\.m2\repository\com\fasterxml\jackson\core\jackson-core\2.19.2\jackson-core-2.19.2.jar;C:\Users\HP\.m2\repository\com\fasterxml\jackson\core\jackson-annotations\2.19.2\jackson-annotations-2.19.2.jar;C:\Users\HP\.m2\repository\com\h2database\h2\2.3.232\h2-2.3.232.jar;C:\Users\HP\.m2\repository\io\rest-assured\rest-assured\5.5.6\rest-assured-5.5.6.jar;C:\Users\HP\.m2\repository\org\apache\groovy\groovy\4.0.28\groovy-4.0.28.jar;C:\Users\HP\.m2\repository\org\apache\groovy\groovy-xml\4.0.28\groovy-xml-4.0.28.jar;C:\Users\HP\.m2\repository\org\ccil\cowan\tagsoup\tagsoup\1.2.1\tagsoup-1.2.1.jar;C:\Users\HP\.m2\repository\io\rest-assured\xml-path\5.5.6\xml-path-5.5.6.jar;C:\Users\HP\.m2\repository\io\rest-assured\json-path\5.5.6\json-path-5.5.6.jar;C:\Users\HP\.m2\repository\org\apache\groovy\groovy-json\4.0.28\groovy-json-4.0.28.jar;C:\Users\HP\.m2\repository\io\rest-assured\rest-assured-common\5.5.6\rest-assured-common-5.5.6.jar;C:\Users\HP\.m2\repository\io\rest-assured\json-schema-validator\5.3.1\json-schema-validator-5.3.1.jar;C:\Users\HP\.m2\repository\com\github\java-json-tools\json-schema-validator\2.2.14\json-schema-validator-2.2.14.jar;C:\Users\HP\.m2\repository\com\github\java-json-tools\jackson-coreutils-equivalence\1.0\jackson-coreutils-equivalence-1.0.jar;C:\Users\HP\.m2\repository\com\github\java-json-tools\jackson-coreutils\2.0\jackson-coreutils-2.0.jar;C:\Users\HP\.m2\repository\com\github\java-json-tools\msg-simple\1.2\msg-simple-1.2.jar;C:\Users\HP\.m2\repository\com\github\java-json-tools\btf\1.3\btf-1.3.jar;C:\Users\HP\.m2\repository\com\github\java-json-tools\json-schema-core\1.2.14\json-schema-core-1.2.14.jar;C:\Users\HP\.m2\repository\com\github\java-json-tools\uri-template\0.10\uri-template-0.10.jar;C:\Users\HP\.m2\repository\org\mozilla\rhino\1.7.7.2\rhino-1.7.7.2.jar;C:\Users\HP\.m2\repository\com\sun\mail\mailapi\1.6.2\mailapi-1.6.2.jar;C:\Users\HP\.m2\repository\joda-time\joda-time\2.10.5\joda-time-2.10.5.jar;C:\Users\HP\.m2\repository\com\googlecode\libphonenumber\libphonenumber\8.11.1\libphonenumber-8.11.1.jar;C:\Users\HP\.m2\repository\com\google\code\findbugs\jsr305\3.0.2\jsr305-3.0.2.jar;C:\Users\HP\.m2\repository\net\sf\jopt-simple\jopt-simple\5.0.4\jopt-simple-5.0.4.jar;C:\Users\HP\.m2\repository\com\google\guava\guava\32.0.1-jre\guava-32.0.1-jre.jar;C:\Users\HP\.m2\repository\com\google\guava\failureaccess\1.0.1\failureaccess-1.0.1.jar;C:\Users\HP\.m2\repository\com\google\guava\listenablefuture\9999.0-empty-to-avoid-conflict-with-guava\listenablefuture-9999.0-empty-to-avoid-conflict-with-guava.jar;C:\Users\HP\.m2\repository\org\checkerframework\checker-qual\3.33.0\checker-qual-3.33.0.jar;C:\Users\HP\.m2\repository\com\google\errorprone\error_prone_annotations\2.18.0\error_prone_annotations-2.18.0.jar;C:\Users\HP\.m2\repository\com\google\j2objc\j2objc-annotations\2.8\j2objc-annotations-2.8.jar;C:\Users\HP\.m2\repository\com\fasterxml\jackson\core\jackson-databind\2.19.2\jackson-databind-2.19.2.jar;C:\Users\HP\.m2\repository\org\springframework\boot\spring-boot-starter-webflux\3.5.6\spring-boot-starter-webflux-3.5.6.jar;C:\Users\HP\.m2\repository\org\springframework\boot\spring-boot-starter-reactor-netty\3.5.6\spring-boot-starter-reactor-netty-3.5.6.jar;C:\Users\HP\.m2\repository\io\projectreactor\netty\reactor-netty-http\1.2.10\reactor-netty-http-1.2.10.jar;C:\Users\HP\.m2\repository\io\netty\netty-codec-http\4.1.127.Final\netty-codec-http-4.1.127.Final.jar;C:\Users\HP\.m2\repository\io\netty\netty-common\4.1.127.Final\netty-common-4.1.127.Final.jar;C:\Users\HP\.m2\repository\io\netty\netty-buffer\4.1.127.Final\netty-buffer-4.1.127.Final.jar;C:\Users\HP\.m2\repository\io\netty\netty-transport\4.1.127.Final\netty-transport-4.1.127.Final.jar;C:\Users\HP\.m2\repository\io\netty\netty-codec\4.1.127.Final\netty-codec-4.1.127.Final.jar;C:\Users\HP\.m2\repository\io\netty\netty-handler\4.1.127.Final\netty-handler-4.1.127.Final.jar;C:\Users\HP\.m2\repository\io\netty\netty-codec-http2\4.1.127.Final\netty-codec-http2-4.1.127.Final.jar;C:\Users\HP\.m2\repository\io\netty\netty-resolver-dns\4.1.127.Final\netty-resolver-dns-4.1.127.Final.jar;C:\Users\HP\.m2\repository\io\netty\netty-resolver\4.1.127.Final\netty-resolver-4.1.127.Final.jar;C:\Users\HP\.m2\repository\io\netty\netty-codec-dns\4.1.127.Final\netty-codec-dns-4.1.127.Final.jar;C:\Users\HP\.m2\repository\io\netty\netty-resolver-dns-native-macos\4.1.127.Final\netty-resolver-dns-native-macos-4.1.127.Final-osx-x86_64.jar;C:\Users\HP\.m2\repository\io\netty\netty-resolver-dns-classes-macos\4.1.127.Final\netty-resolver-dns-classes-macos-4.1.127.Final.jar;C:\Users\HP\.m2\repository\io\netty\netty-transport-native-epoll\4.1.127.Final\netty-transport-native-epoll-4.1.127.Final-linux-x86_64.jar;C:\Users\HP\.m2\repository\io\netty\netty-transport-native-unix-common\4.1.127.Final\netty-transport-native-unix-common-4.1.127.Final.jar;C:\Users\HP\.m2\repository\io\netty\netty-transport-classes-epoll\4.1.127.Final\netty-transport-classes-epoll-4.1.127.Final.jar;C:\Users\HP\.m2\repository\io\projectreactor\netty\reactor-netty-core\1.2.10\reactor-netty-core-1.2.10.jar;C:\Users\HP\.m2\repository\io\netty\netty-handler-proxy\4.1.127.Final\netty-handler-proxy-4.1.127.Final.jar;C:\Users\HP\.m2\repository\io\netty\netty-codec-socks\4.1.127.Final\netty-codec-socks-4.1.127.Final.jar;C:\Users\HP\.m2\repository\org\springframework\spring-webflux\6.2.11\spring-webflux-6.2.11.jar;C:\Users\HP\.m2\repository\io\projectreactor\reactor-core\3.7.11\reactor-core-3.7.11.jar;C:\Users\HP\.m2\repository\org\reactivestreams\reactive-streams\1.0.4\reactive-streams-1.0.4.jar;C:\Users\HP\.m2\repository\org\junit\jupiter\junit-jupiter\5.10.0\junit-jupiter-5.10.0.jar;C:\Users\HP\.m2\repository\org\junit\jupiter\junit-jupiter-api\5.12.2\junit-jupiter-api-5.12.2.jar;C:\Users\HP\.m2\repository\org\opentest4j\opentest4j\1.3.0\opentest4j-1.3.0.jar;C:\Users\HP\.m2\repository\org\junit\platform\junit-platform-commons\1.12.2\junit-platform-commons-1.12.2.jar;C:\Users\HP\.m2\repository\org\apiguardian\apiguardian-api\1.1.2\apiguardian-api-1.1.2.jar;C:\Users\HP\.m2\repository\org\junit\jupiter\junit-jupiter-params\5.12.2\junit-jupiter-params-5.12.2.jar;C:\Users\HP\.m2\repository\org\junit\jupiter\junit-jupiter-engine\5.12.2\junit-jupiter-engine-5.12.2.jar;C:\Users\HP\.m2\repository\org\junit\platform\junit-platform-engine\1.12.2\junit-platform-engine-1.12.2.jar;C:\Users\HP\.m2\repository\org\mockito\mockito-core\5.10.0\mockito-core-5.10.0.jar;C:\Users\HP\.m2\repository\net\bytebuddy\byte-buddy\1.17.7\byte-buddy-1.17.7.jar;C:\Users\HP\.m2\repository\net\bytebuddy\byte-buddy-agent\1.17.7\byte-buddy-agent-1.17.7.jar;C:\Users\HP\.m2\repository\org\objenesis\objenesis\3.3\objenesis-3.3.jar
Launcher Type: SUN_STANDARD

[Global flags]
     intx CICompilerCount                          = 4                                         {product} {ergonomic}
     uint ConcGCThreads                            = 2                                         {product} {ergonomic}
     uint G1ConcRefinementThreads                  = 8                                         {product} {ergonomic}
   size_t G1HeapRegionSize                         = 1048576                                   {product} {ergonomic}
    uintx GCDrainStackTargetSize                   = 64                                        {product} {ergonomic}
   size_t InitialHeapSize                          = 134217728                                 {product} {ergonomic}
   size_t MarkStackSize                            = 4194304                                   {product} {ergonomic}
   size_t MaxHeapSize                              = 2120220672                                {product} {ergonomic}
   size_t MaxNewSize                               = 1271922688                                {product} {ergonomic}
   size_t MinHeapDeltaBytes                        = 1048576                                   {product} {ergonomic}
   size_t MinHeapSize                              = 8388608                                   {product} {ergonomic}
    uintx NonNMethodCodeHeapSize                   = 5839372                                {pd product} {ergonomic}
    uintx NonProfiledCodeHeapSize                  = 122909434                              {pd product} {ergonomic}
    uintx ProfiledCodeHeapSize                     = 122909434                              {pd product} {ergonomic}
    uintx ReservedCodeCacheSize                    = 251658240                              {pd product} {ergonomic}
     bool SegmentedCodeCache                       = true                                      {product} {ergonomic}
   size_t SoftMaxHeapSize                          = 2120220672                             {manageable} {ergonomic}
     bool UseCompressedOops                        = true                           {product lp64_product} {ergonomic}
     bool UseG1GC                                  = true                                      {product} {ergonomic}
     bool UseLargePagesIndividualAllocation        = false                                  {pd product} {ergonomic}

Logging:
Log output configuration:
 #0: stdout all=warning uptime,level,tags foldmultilines=false
 #1: stderr all=off uptime,level,tags foldmultilines=false

Environment Variables:
JAVA_HOME=C:\Program Files\Android\Android Studio\jbr
PATH=c:\Users\HP\AppData\Local\Programs\cursor\resources\app\bin;C:\Program Files (x86)\Google\Chrome\Application;C:\WINDOWS\system32;C:\WINDOWS;C:\WINDOWS\System32\Wbem;C:\WINDOWS\System32\WindowsPowerShell\v1.0\;C:\WINDOWS\System32\OpenSSH\;C:\Program Files\Git\cmd;C:\Program Files\Android\Android Studio\jbr\bin;E:\Programs\apache-maven-3.9.6\bin;E:\Programs\apache-maven-3.9.6\bin;E:\Programs\flutter\bin;C:\Users\HP\AppData\Local\Android\Sdk\platform-tools;C:\Users\HP\AppData\Local\Android\Sdk\emulator;C:\Users\HP\AppData\Local\Microsoft\WindowsApps;;C:\Program Files\JetBrains\IntelliJ IDEA 2025.1\bin;;c:\Users\HP\AppData\Local\Programs\cursor\resources\app\bin;E:\Programs\JRE\bin;C:\Program Files\Docker\Docker\resources\bin;C:\Users\HP\AppData\Local\Microsoft\WindowsApps;;C:\Users\HP\AppData\Local\Programs\Microsoft VS Code\bin;C:\Program Files\JetBrains\IntelliJ IDEA 2025.1\bin;
USERNAME=HP
OS=Windows_NT
PROCESSOR_IDENTIFIER=Intel64 Family 6 Model 142 Stepping 10, GenuineIntel
TMP=C:\Users\HP\AppData\Local\Temp
TEMP=C:\Users\HP\AppData\Local\Temp




Periodic native trim disabled

JNI global refs:
JNI global refs: 23, weak refs: 12

JNI global refs memory usage: 835, weak refs: 833

Process memory usage:
Resident Set Size: 409864K (4% of 8277208K total physical memory with 493832K free physical memory)

OOME stack traces (most recent first):
Classloader memory used:
Loader jdk.internal.loader.ClassLoaders$AppClassLoader                                 : 67713K
Loader bootstrap                                                                       : 24339K
Loader jdk.internal.loader.ClassLoaders$PlatformClassLoader                            : 511K
Loader jdk.internal.reflect.DelegatingClassLoader                                      : 64776B
Loader net.bytebuddy.utility.dispatcher.JavaDispatcher$DynamicClassLoader              : 3728B
Loader sun.reflect.misc.MethodUtil                                                     : 2952B
Loader net.bytebuddy.dynamic.loading.ByteArrayClassLoader                              : 2568B

---------------  S Y S T E M  ---------------

OS:
 Windows 11 , 64 bit Build 26100 (10.0.26100.6725)
OS uptime: 0 days 22:48 hours
Hyper-V role detected

CPU: total 8 (initial active 8) (4 cores per cpu, 2 threads per core) family 6 model 142 stepping 10 microcode 0xf0, cx8, cmov, fxsr, ht, mmx, 3dnowpref, sse, sse2, sse3, ssse3, sse4.1, sse4.2, popcnt, lzcnt, tsc, tscinvbit, avx, avx2, aes, erms, clmul, bmi1, bmi2, adx, fma, vzeroupper, clflush, clflushopt, hv, rdtscp, f16c
Processor Information for processor 0
  Max Mhz: 1800, Current Mhz: 1600, Mhz Limit: 1584
Processor Information for processor 1
  Max Mhz: 1800, Current Mhz: 1600, Mhz Limit: 1584
Processor Information for processor 2
  Max Mhz: 1800, Current Mhz: 1600, Mhz Limit: 1584
Processor Information for processor 3
  Max Mhz: 1800, Current Mhz: 1600, Mhz Limit: 1584
Processor Information for processor 4
  Max Mhz: 1800, Current Mhz: 1500, Mhz Limit: 1584
Processor Information for processor 5
  Max Mhz: 1800, Current Mhz: 1500, Mhz Limit: 1584
Processor Information for processor 6
  Max Mhz: 1800, Current Mhz: 1500, Mhz Limit: 1584
Processor Information for processor 7
  Max Mhz: 1800, Current Mhz: 1600, Mhz Limit: 1584

Memory: 4k page, system-wide physical 8083M (479M free)
TotalPageFile size 17472M (AvailPageFile size 2M)
current process WorkingSet (physical memory assigned to process): 400M, peak: 400M
current process commit charge ("private bytes"): 430M, peak: 432M

vm_info: OpenJDK 64-Bit Server VM (21.0.5+-13047016-b750.29) for windows-amd64 JRE (21.0.5+-13047016-b750.29), built on 2025-02-11T21:12:39Z by "builder" with MS VC++ 16.10 / 16.11 (VS2019)

END.
